# timestamp_unix,exec_count,cov_edges,ft_count,corpus_count,rss_mb
1781750645,328619,175,766,67,512
1781750705,552822,175,769,68,532
1781750765,785778,175,771,69,536
1781750825,1048576,175,775,70,547
1781750885,1048576,175,775,70,547
1781750945,1048576,175,775,70,547
1781751005,1048576,175,775,70,547
1781751065,2054378,175,788,73,552
1781751125,2262098,175,788,73,552
1781751185,2262098,175,788,73,552
1781751245,2608631,175,788,73,555
1781751306,2954619,175,788,73,555
1781751366,3081760,175,788,73,555
1781751426,3464652,175,788,73,555
1781751486,3594555,175,788,73,555
1781751546,3594555,175,788,73,555
1781751606,4194304,175,788,73,555
1781751666,4415458,175,788,73,555
1781751726,4630631,175,788,73,555
1781751787,4630631,175,788,73,555
1781751847,4630631,175,788,73,555
1781751907,4630631,175,788,73,555
1781751967,4630631,175,788,73,555
1781752027,4630631,175,788,73,555
1781752087,4630631,175,788,73,555
1781752148,4630631,175,788,73,555
1781752208,4630631,175,788,73,555
1781752268,4630631,175,788,73,555
1781752328,4630631,175,788,73,555
1781752389,7275293,175,799,74,556
1781752449,7561068,175,799,74,558
1781752509,7561068,175,799,74,558
1781752569,7561068,175,799,74,558
1781752629,7561068,175,799,74,558
1781752690,8388608,175,799,74,559
1781752750,8388608,175,799,74,559
1781752810,8388608,175,799,74,559
1781752870,8388608,175,799,74,559
1781752931,8388608,175,799,74,559
1781752991,8388608,175,799,74,559
1781753051,8388608,175,799,74,559
1781753112,8388608,175,799,74,559
1781753172,8388608,175,799,74,559
1781753232,10231113,175,799,74,561
1781753292,10231113,175,799,74,561
1781753353,10231113,175,799,74,561
1781753413,10231113,175,799,74,561
1781753473,10231113,175,799,74,561
1781753534,10231113,175,799,74,561
1781753594,10231113,175,799,74,561
1781753654,10231113,175,799,74,561
1781753715,10231113,175,799,74,561
1781753775,10231113,175,799,74,561
1781753835,10231113,175,799,74,561
1781753896,10231113,175,799,74,561
1781753956,10231113,175,799,74,561
1781754017,10231113,175,799,74,561
1781754077,10231113,175,799,74,561
1781754137,10231113,175,799,74,561
1781754198,10231113,175,799,74,561
1781754258,10231113,175,799,74,561
1781754319,10231113,175,799,74,561
1781754379,10231113,175,799,74,561
1781754439,14545238,175,799,74,561
1781754500,14545238,175,799,74,561
1781754560,14545238,175,799,74,561
1781754621,14545238,175,799,74,561
1781754681,14545238,175,799,74,561
1781754742,14545238,175,799,74,561
1781754802,15816456,175,799,74,561
1781754862,15816456,175,799,74,561
1781754923,15816456,175,799,74,561
1781754983,15816456,175,799,74,561
1781755044,15816456,175,799,74,561
1781755104,16777216,175,799,74,561
1781755165,16777216,175,799,74,561
1781755225,16777216,175,799,74,561
1781755286,16777216,175,799,74,561
1781755346,16777216,175,799,74,561
1781755407,16777216,175,799,74,561
1781755467,16777216,175,799,74,561
1781755528,16777216,175,799,74,561
1781755588,16777216,175,799,74,561
1781755649,16777216,175,799,74,561
1781755709,16777216,175,799,74,561
1781755770,16777216,175,799,74,561
1781755831,16777216,175,799,74,561
1781755891,16777216,175,799,74,561
1781755952,16777216,175,799,74,561
1781756012,16777216,175,799,74,561
1781756073,16777216,175,799,74,561
1781756133,16777216,175,799,74,561
1781756194,16777216,175,799,74,561
1781756255,16777216,175,799,74,561
1781756315,16777216,175,799,74,561
1781756376,16777216,175,799,74,561
1781756436,16777216,175,799,74,561
1781756497,16777216,175,799,74,561
1781756558,21986958,175,799,74,561
1781756618,22087169,175,799,74,561
1781756679,22420355,175,799,74,561
1781756739,22579269,175,799,74,561
1781756800,22855795,175,799,74,561
1781756861,22855795,175,799,74,561
1781756921,22855795,175,799,74,561
1781756982,22855795,175,799,74,561
1781757043,22855795,175,799,74,561
1781757103,22855795,175,799,74,561
1781757164,22855795,175,799,74,561
1781757225,22855795,175,799,74,561
1781757285,22855795,175,799,74,561
1781757346,22855795,175,799,74,561
1781757407,22855795,175,799,74,561
1781757467,22855795,175,799,74,561
1781757528,22855795,175,799,74,561
1781757589,22855795,175,799,74,561
1781757650,22855795,175,799,74,561
1781757710,22855795,175,799,74,561
1781757771,22855795,175,799,74,561
1781757832,22855795,175,799,74,561
1781757893,22855795,175,799,74,561
1781757953,22855795,175,799,74,561
1781758014,22855795,175,799,74,561
1781758075,22855795,175,799,74,561
1781758136,22855795,175,799,74,561
1781758196,22855795,175,799,74,561
1781758257,22855795,175,799,74,561
1781758318,22855795,175,799,74,561
1781758379,22855795,175,799,74,561
1781758440,22855795,175,799,74,561
1781758500,22855795,175,799,74,561
1781758561,22855795,175,799,74,561
1781758622,22855795,175,799,74,561
1781758683,22855795,175,799,74,561
1781758744,22855795,175,799,74,561
1781758804,22855795,175,799,74,561
1781758865,22855795,175,799,74,561
1781758926,22855795,175,799,74,561
1781758987,22855795,175,799,74,561
1781759048,22855795,175,799,74,561
1781759109,22855795,175,799,74,561
1781759169,22855795,175,799,74,561
1781759230,31244542,175,799,74,561
1781759291,31244542,175,799,74,561
1781759352,31244542,175,799,74,561
1781759413,31244542,175,799,74,561
1781759474,31244542,175,799,74,561
1781759535,31244542,175,799,74,561
1781759596,31244542,175,799,74,561
1781759657,31244542,175,799,74,561
1781759717,31244542,175,799,74,561
1781759778,31244542,175,799,74,561
1781759839,31244542,175,799,74,561
1781759900,33554432,175,799,74,561
1781759961,33554432,175,799,74,561
1781760022,33554432,175,799,74,561
1781760083,33554432,175,799,74,561
1781760144,33554432,175,799,74,561
1781760205,33554432,175,799,74,561
1781760266,33554432,175,799,74,561
1781760327,33554432,175,799,74,561
1781760388,33554432,175,799,74,561
1781760449,33554432,175,799,74,561
1781760510,33554432,175,799,74,561
1781760571,33554432,175,799,74,561
1781760632,33554432,175,799,74,561
1781760693,33554432,175,799,74,561
1781760754,33554432,175,799,74,561
1781760815,33554432,175,799,74,561
1781760876,33554432,175,799,74,561
1781760937,33554432,175,799,74,561
1781760998,33554432,175,799,74,561
1781761059,33554432,175,799,74,561
1781761120,33554432,175,799,74,561
1781761181,33554432,175,799,74,561
1781761242,33554432,175,799,74,561
1781761303,33554432,175,799,74,561
1781761364,33554432,175,799,74,561
1781761425,33554432,175,799,74,561
1781761486,39176647,175,799,74,561
1781761547,39176647,175,799,74,561
1781761609,39176647,175,799,74,561
1781761670,39176647,175,799,74,561
1781761731,39176647,175,799,74,561
1781761792,39176647,175,799,74,561
1781761853,39176647,175,799,74,561
1781761914,39176647,175,799,74,561
1781761975,39176647,175,799,74,561
1781762036,41151198,175,803,75,561
1781762098,41151198,175,803,75,561
1781762159,41151198,175,803,75,561
1781762220,41151198,175,803,75,561
1781762281,41151198,175,803,75,561
1781762342,41151198,175,803,75,561
1781762403,41151198,175,803,75,561
1781762464,41151198,175,803,75,561
1781762526,41151198,175,803,75,561
1781762587,41151198,175,803,75,561
1781762648,41151198,175,803,75,561
1781762709,41151198,175,803,75,561
1781762770,41151198,175,803,75,561
1781762832,41151198,175,803,75,561
1781762893,41151198,175,803,75,561
1781762954,44090708,175,803,75,561
1781763015,44090708,175,803,75,561
1781763076,44090708,175,803,75,561
1781763138,44090708,175,803,75,561
1781763199,44090708,175,803,75,561
1781763260,44090708,175,803,75,561
1781763321,44090708,175,803,75,561
1781763383,44090708,175,803,75,561
1781763444,44090708,175,803,75,561
1781763505,44090708,175,803,75,561
1781763566,44090708,175,803,75,561
1781763628,44090708,175,803,75,561
1781763689,44090708,175,803,75,561
1781763750,44090708,175,803,75,561
1781763811,46776926,175,803,75,561
1781763873,46776926,175,803,75,561
1781763934,46776926,175,803,75,561
1781763995,46776926,175,803,75,561
1781764057,46776926,175,803,75,561
1781764118,46776926,175,803,75,561
1781764179,46776926,175,803,75,561
1781764241,46776926,175,803,75,561
1781764302,46776926,175,803,75,561
1781764363,46776926,175,803,75,561
1781764425,46776926,175,803,75,561
1781764486,46776926,175,803,75,561
1781764547,46776926,175,803,75,561
1781764609,46776926,175,803,75,561
1781764670,46776926,175,803,75,561
1781764731,46776926,175,803,75,561
1781764793,46776926,175,803,75,561
1781764854,46776926,175,803,75,561
1781764916,46776926,175,803,75,561
1781764977,46776926,175,803,75,561
1781765038,46776926,175,803,75,561
1781765100,46776926,175,803,75,561
1781765161,46776926,175,803,75,561
1781765223,46776926,175,803,75,561
1781765284,46776926,175,803,75,561
1781765345,46776926,175,803,75,561
1781765407,46776926,175,803,75,561
1781765468,46776926,175,803,75,561
1781765530,46776926,175,803,75,561
1781765591,46776926,175,803,75,561
1781765652,46776926,175,803,75,561
1781765714,46776926,175,803,75,561
1781765775,46776926,175,803,75,561
1781765837,46776926,175,803,75,561
1781765898,46776926,175,803,75,561
1781765960,46776926,175,803,75,561
1781766021,46776926,175,803,75,561
1781766083,46776926,175,803,75,561
1781766144,46776926,175,803,75,561
1781766206,46776926,175,803,75,561
1781766267,46776926,175,803,75,561
1781766329,46776926,175,803,75,561
1781766391,46776926,175,803,75,561
1781766452,46776926,175,803,75,561
1781766514,46776926,175,803,75,561
1781766575,46776926,175,803,75,561
1781766637,46776926,175,803,75,561
1781766698,46776926,175,803,75,561
1781766760,46776926,175,803,75,561
1781766821,46776926,175,803,75,561
1781766883,46776926,175,803,75,561
1781766944,46776926,175,803,75,561
1781767006,46776926,175,803,75,561
1781767067,46776926,175,803,75,561
1781767129,46776926,175,803,75,561
1781767191,46776926,175,803,75,561
1781767252,46776926,175,803,75,561
1781767314,46776926,175,803,75,561
1781767376,46776926,175,803,75,561
1781767437,46776926,175,803,75,561
1781767499,46776926,175,803,75,561
1781767560,46776926,175,803,75,561
1781767622,46776926,175,803,75,561
1781767684,46776926,175,803,75,561
1781767745,46776926,175,803,75,561
1781767807,46776926,175,803,75,561
1781767868,46776926,175,803,75,561
1781767930,46776926,175,803,75,561
1781767992,46776926,175,803,75,561
1781768053,46776926,175,803,75,561
1781768115,46776926,175,803,75,561
1781768177,46776926,175,803,75,561
1781768238,61405516,175,803,75,561
1781768300,61489602,175,803,75,561
1781768362,61489602,175,803,75,561
1781768424,61489602,175,803,75,561
1781768485,61489602,175,803,75,561
1781768547,61489602,175,803,75,561
1781768609,61489602,175,803,75,561
1781768670,61489602,175,803,75,561
1781768732,61489602,175,803,75,561
1781768794,61489602,175,803,75,561
1781768856,61489602,175,803,75,561
1781768917,61489602,175,803,75,561
1781768979,61489602,175,803,75,561
1781769041,61489602,175,803,75,561
1781769103,61489602,175,803,75,561
1781769164,61489602,175,803,75,561
1781769226,61489602,175,803,75,561
1781769288,61489602,175,803,75,561
1781769350,61489602,175,803,75,561
1781769411,61489602,175,803,75,561
1781769473,61489602,175,803,75,561
1781769535,61489602,175,803,75,561
1781769597,61489602,175,803,75,561
1781769659,61489602,175,803,75,561
1781769720,61489602,175,803,75,561
1781769782,61489602,175,803,75,561
1781769844,61489602,175,803,75,561
1781769906,61489602,175,803,75,561
1781769968,67108864,175,803,75,561
1781770030,67108864,175,803,75,561
1781770092,67108864,175,803,75,561
1781770154,67108864,175,803,75,561
1781770216,67108864,175,803,75,561
1781770277,67108864,175,803,75,561
1781770339,67108864,175,803,75,561
1781770401,67108864,175,803,75,561
1781770463,67108864,175,803,75,561
1781770525,67108864,175,803,75,561
1781770587,67108864,175,803,75,561
1781770649,67108864,175,803,75,561
1781770711,67108864,175,803,75,561
1781770773,67108864,175,803,75,561
1781770835,67108864,175,803,75,561
1781770897,67108864,175,803,75,561
1781770959,67108864,175,803,75,561
1781771021,67108864,175,803,75,561
1781771083,67108864,175,803,75,561
1781771145,67108864,175,803,75,561
1781771206,67108864,175,803,75,561
1781771268,67108864,175,803,75,561
1781771330,67108864,175,803,75,561
1781771392,67108864,175,803,75,561
1781771454,67108864,175,803,75,561
1781771516,67108864,175,803,75,561
1781771578,67108864,175,803,75,561
1781771640,67108864,175,803,75,561
1781771702,67108864,175,803,75,561
1781771764,67108864,175,803,75,561
1781771826,67108864,175,803,75,561
1781771888,67108864,175,803,75,561
1781771950,67108864,175,803,75,561
1781772012,67108864,175,803,75,561
1781772074,67108864,175,803,75,561
1781772136,67108864,175,803,75,561
1781772198,67108864,175,803,75,561
1781772260,67108864,175,803,75,561
1781772323,67108864,175,803,75,561
1781772385,67108864,175,803,75,561
1781772447,67108864,175,803,75,561
1781772509,67108864,175,803,75,561
1781772571,67108864,175,803,75,561
1781772633,67108864,175,803,75,561
1781772695,67108864,175,803,75,561
1781772757,67108864,175,803,75,561
1781772819,67108864,175,803,75,561
1781772881,67108864,175,803,75,561
1781772944,67108864,175,803,75,561
1781773006,67108864,175,803,75,561
1781773068,67108864,175,803,75,561
1781773130,67108864,175,803,75,561
1781773192,67108864,175,803,75,561
1781773254,67108864,175,803,75,561
1781773316,67108864,175,803,75,561
1781773378,67108864,175,803,75,561
1781773441,67108864,175,803,75,561
1781773503,67108864,175,803,75,561
1781773565,67108864,175,803,75,561
1781773627,67108864,175,803,75,561
1781773689,67108864,175,803,75,561
1781773751,67108864,175,803,75,561
1781773814,67108864,175,803,75,561
1781773876,67108864,175,803,75,561
1781773938,67108864,175,803,75,561
1781774000,80489641,175,803,75,561
1781774062,80489641,175,803,75,561
1781774125,80489641,175,803,75,561
1781774187,80489641,175,803,75,561
1781774249,80489641,175,803,75,561
1781774311,80489641,175,803,75,561
1781774374,81764007,175,803,75,561
1781774436,81764007,175,803,75,561
1781774498,81764007,175,803,75,561
1781774560,81764007,175,803,75,561
1781774623,81764007,175,803,75,561
1781774685,81764007,175,803,75,561
1781774747,81764007,175,803,75,561
1781774810,81764007,175,803,75,561
1781774872,81764007,175,803,75,561
1781774934,81764007,175,803,75,561
1781774996,81764007,175,803,75,561
1781775059,81764007,175,803,75,561
1781775121,81764007,175,803,75,561
1781775183,81764007,175,803,75,561
1781775246,81764007,175,803,75,561
1781775308,81764007,175,803,75,561
1781775370,81764007,175,803,75,561
1781775433,81764007,175,803,75,561
1781775495,81764007,175,803,75,561
1781775557,81764007,175,803,75,561
1781775620,81764007,175,803,75,561
1781775682,81764007,175,803,75,561
1781775744,81764007,175,803,75,561
1781775807,81764007,175,803,75,561
1781775869,81764007,175,803,75,561
1781775931,81764007,175,803,75,561
1781775994,81764007,175,803,75,561
1781776056,81764007,175,803,75,561
1781776118,81764007,175,803,75,561
1781776181,81764007,175,803,75,561
1781776243,81764007,175,803,75,561
1781776306,81764007,175,803,75,561
1781776368,81764007,175,803,75,561
1781776430,81764007,175,803,75,561
1781776493,81764007,175,803,75,561
1781776555,81764007,175,803,75,561
1781776618,81764007,175,803,75,561
1781776680,81764007,175,803,75,561
1781776743,81764007,175,803,75,561
1781776805,81764007,175,803,75,561
1781776867,81764007,175,803,75,561
1781776930,81764007,175,803,75,561
1781776992,81764007,175,803,75,561
1781777055,81764007,175,803,75,561
1781777117,81764007,175,803,75,561
1781777180,81764007,175,803,75,561
1781777242,81764007,175,803,75,561
1781777305,81764007,175,803,75,561
1781777367,81764007,175,803,75,561
1781777430,81764007,175,803,75,561
1781777492,81764007,175,803,75,561
1781777555,81764007,175,803,75,561
1781777617,81764007,175,803,75,561
1781777680,81764007,175,803,75,561
1781777742,81764007,175,803,75,561
1781777805,81764007,175,803,75,561
1781777868,81764007,175,803,75,561
1781777930,81764007,175,803,75,561
1781777993,81764007,175,803,75,561
1781778056,81764007,175,803,75,561
1781778118,81764007,175,803,75,561
1781778181,81764007,175,803,75,561
1781778244,81764007,175,803,75,561
1781778306,81764007,175,803,75,561
1781778369,81764007,175,803,75,561
1781778431,81764007,175,803,75,561
1781778494,81764007,175,803,75,561
1781778557,81764007,175,803,75,561
1781778619,81764007,175,803,75,561
1781778682,81764007,175,803,75,561
1781778744,81764007,175,803,75,561
1781778807,81764007,175,803,75,561
1781778870,81764007,175,803,75,561
1781778932,81764007,175,803,75,561
1781778995,81764007,175,803,75,561
1781779058,81764007,175,803,75,561
1781779120,81764007,175,803,75,561
1781779183,81764007,175,803,75,561
1781779246,81764007,175,803,75,561
1781779308,81764007,175,803,75,561
1781779371,81764007,175,803,75,561
1781779434,81764007,175,803,75,561
1781779497,81764007,175,803,75,561
1781779559,81764007,175,803,75,561
1781779622,81764007,175,803,75,561
1781779685,81764007,175,803,75,561
1781779748,81764007,175,803,75,561
1781779811,81764007,175,803,75,561
1781779873,81764007,175,803,75,561
1781779936,81764007,175,803,75,561
1781779999,81764007,175,803,75,561
1781780061,81764007,175,803,75,561
1781780124,81764007,175,803,75,561
1781780187,81764007,175,803,75,561
1781780250,81764007,175,803,75,561
1781780313,81764007,175,803,75,561
1781780375,81764007,175,803,75,561
1781780438,81764007,175,803,75,561
1781780501,81764007,175,803,75,561
1781780564,81764007,175,803,75,561
1781780627,81764007,175,803,75,561
1781780691,81764007,175,803,75,561
1781780754,81764007,175,803,75,561
1781780817,81764007,175,803,75,561
1781780879,81764007,175,803,75,561
1781780942,81764007,175,803,75,561
1781781005,81764007,175,803,75,561
1781781068,81764007,175,803,75,561
1781781131,81764007,175,803,75,561
1781781194,81764007,175,803,75,561
1781781257,81764007,175,803,75,561
1781781320,81764007,175,803,75,561
1781781383,81764007,175,803,75,561
1781781446,81764007,175,803,75,561
1781781509,81764007,175,803,75,561
1781781572,81764007,175,803,75,561
1781781635,81764007,175,803,75,561
1781781698,81764007,175,803,75,561
1781781761,81764007,175,803,75,561
1781781824,81764007,175,803,75,561
1781781887,81764007,175,803,75,561
1781781950,81764007,175,803,75,561
1781782013,81764007,175,803,75,561
1781782076,81764007,175,803,75,561
1781782139,81764007,175,803,75,561
1781782202,81764007,175,803,75,561
1781782264,81764007,175,803,75,561
1781782327,81764007,175,803,75,561
1781782390,81764007,175,803,75,561
1781782453,81764007,175,803,75,561
1781782516,81764007,175,803,75,561
1781782579,81764007,175,803,75,561
1781782642,81764007,175,803,75,561
1781782705,81764007,175,803,75,561
1781782768,81764007,175,803,75,561
1781782831,81764007,175,803,75,561
1781782894,81764007,175,803,75,561
1781782957,81764007,175,803,75,561
1781783020,81764007,175,803,75,561
1781783083,81764007,175,803,75,561
1781783146,81764007,175,803,75,561
1781783209,81764007,175,803,75,561
1781783272,81764007,175,803,75,561
1781783335,81764007,175,803,75,561
1781783398,81764007,175,803,75,561
1781783461,81764007,175,803,75,561
1781783524,81764007,175,803,75,561
1781783587,81764007,175,803,75,561
1781783650,81764007,175,803,75,561
1781783713,81764007,175,803,75,561
1781783776,81764007,175,803,75,561
1781783839,81764007,175,803,75,561
1781783902,81764007,175,803,75,561
1781783966,81764007,175,803,75,561
1781784029,81764007,175,803,75,561
1781784092,81764007,175,803,75,561
1781784155,81764007,175,803,75,561
1781784219,81764007,175,803,75,561
1781784282,81764007,175,803,75,561
1781784346,81764007,175,803,75,561
1781784409,81764007,175,803,75,561
1781784472,81764007,175,803,75,561
1781784535,81764007,175,803,75,561
1781784598,81764007,175,803,75,561
1781784661,81764007,175,803,75,561
1781784724,81764007,175,803,75,561
1781784788,81764007,175,803,75,561
1781784851,81764007,175,803,75,561
1781784914,81764007,175,803,75,561
1781784977,81764007,175,803,75,561
1781785040,81764007,175,803,75,561
1781785103,81764007,175,803,75,561
1781785167,81764007,175,803,75,561
1781785230,81764007,175,803,75,561
1781785293,118454125,175,803,75,561
1781785356,118454125,175,803,75,561
1781785419,118454125,175,803,75,561
1781785483,118454125,175,803,75,561
1781785546,118454125,175,803,75,561
1781785609,118454125,175,803,75,561
1781785672,118454125,175,803,75,561
1781785736,118454125,175,803,75,561
1781785799,118454125,175,803,75,561
1781785862,118454125,175,803,75,561
1781785925,118454125,175,803,75,561
1781785988,118454125,175,803,75,561
1781786052,118454125,175,803,75,561
1781786115,118454125,175,803,75,561
1781786178,118454125,175,803,75,561
1781786242,118454125,175,803,75,561
1781786305,118454125,175,803,75,561
1781786368,118454125,175,803,75,561
1781786432,118454125,175,803,75,561
1781786495,118454125,175,803,75,561
1781786558,118454125,175,803,75,561
1781786622,118454125,175,803,75,561
1781786685,118454125,175,803,75,561
1781786748,118454125,175,803,75,561
1781786812,118454125,175,803,75,561
1781786875,118454125,175,803,75,561
1781786938,118454125,175,803,75,561
1781787002,124166134,175,803,75,561
1781787065,124166134,175,803,75,561
1781787128,124166134,175,803,75,561
1781787192,124166134,175,803,75,561
1781787255,124166134,175,803,75,561
1781787319,124166134,175,803,75,561
1781787382,124166134,175,803,75,561
1781787445,124166134,175,803,75,561
1781787509,124166134,175,803,75,561
1781787572,124166134,175,803,75,561
1781787636,124166134,175,803,75,561
1781787699,124166134,175,803,75,561
1781787763,124166134,175,803,75,561
1781787826,124166134,175,803,75,561
1781787889,124166134,175,803,75,561
1781787953,127540641,175,803,75,561
1781788016,127570329,175,803,75,561
1781788080,127570329,175,803,75,561
1781788143,127570329,175,803,75,561
1781788207,127570329,175,803,75,561
1781788270,127570329,175,803,75,561
1781788334,127570329,175,803,75,561
1781788397,127570329,175,803,75,561
1781788461,127570329,175,803,75,561
1781788524,127570329,175,803,75,561
1781788588,127570329,175,803,75,561
1781788651,127570329,175,803,75,561
1781788715,127570329,175,803,75,561
1781788779,127570329,175,803,75,561
1781788842,127570329,175,803,75,561
1781788906,127570329,175,803,75,561
1781788969,127570329,175,803,75,561
1781789033,127570329,175,803,75,561
1781789096,127570329,175,803,75,561
1781789160,127570329,175,803,75,561
1781789224,127570329,175,803,75,561
1781789287,127570329,175,803,75,561
1781789351,127570329,175,803,75,561
1781789414,127570329,175,803,75,561
1781789478,127570329,175,803,75,561
1781789541,127570329,175,803,75,561
1781789605,127570329,175,803,75,561
1781789669,127570329,175,803,75,561
1781789732,127570329,175,803,75,561
1781789796,127570329,175,803,75,561
1781789860,127570329,175,803,75,561
1781789924,127570329,175,803,75,561
1781789987,134217728,175,803,75,561
1781790051,134553963,175,804,76,561
1781790114,134853592,175,804,76,561
1781790178,135009172,175,804,76,561
1781790242,135009172,175,804,76,561
1781790305,135009172,175,804,76,561
1781790369,135009172,175,804,76,561
1781790433,135009172,175,804,76,561
1781790496,135009172,175,804,76,561
1781790560,136223456,175,804,76,561
1781790624,136223456,175,804,76,561
1781790688,136223456,175,804,76,561
1781790751,136223456,175,804,76,561
1781790815,136223456,175,804,76,561
1781790879,136223456,175,804,76,561
1781790942,136223456,175,804,76,561
1781791006,136223456,175,804,76,561
1781791070,136223456,175,804,76,561
1781791134,136223456,175,804,76,561
1781791198,136223456,175,804,76,561
1781791261,136223456,175,804,76,561
1781791325,136223456,175,804,76,561
1781791389,136223456,175,804,76,561
1781791453,136223456,175,804,76,561
1781791516,136223456,175,804,76,561
1781791580,136223456,175,804,76,561
1781791644,136223456,175,804,76,561
1781791708,136223456,175,804,76,561
1781791772,136223456,175,804,76,561
1781791835,136223456,175,804,76,561
1781791899,136223456,175,804,76,561
1781791963,136223456,175,804,76,561
1781792027,136223456,175,804,76,561
1781792092,136223456,175,804,76,561
1781792156,136223456,175,804,76,561
1781792220,136223456,175,804,76,561
1781792283,136223456,175,804,76,561
1781792347,136223456,175,804,76,561
1781792411,136223456,175,804,76,561
1781792475,136223456,175,804,76,561
1781792539,136223456,175,804,76,561
1781792603,136223456,175,804,76,561
1781792667,136223456,175,804,76,561
1781792731,136223456,175,804,76,561
1781792795,136223456,175,804,76,561
1781792858,136223456,175,804,76,561
1781792922,136223456,175,804,76,561
1781792986,136223456,175,804,76,561
1781793050,144989030,175,804,76,561
1781793114,144989030,175,804,76,561
1781793178,144989030,175,804,76,561
1781793242,144989030,175,804,76,561
1781793307,144989030,175,804,76,561
1781793370,144989030,175,804,76,561
1781793434,144989030,175,804,76,561
1781793498,144989030,175,804,76,561
1781793562,144989030,175,804,76,561
1781793626,144989030,175,804,76,561
1781793690,144989030,175,804,76,561
1781793754,147458573,175,810,78,561
1781793818,147485014,175,815,79,561
1781793882,147683895,175,815,79,609
1781793946,147683895,175,815,79,609
1781794010,147683895,175,815,79,609
1781794074,147683895,175,815,79,609
1781794138,147683895,175,815,79,609
1781794202,147683895,175,815,79,609
1781794266,147683895,175,815,79,609
1781794330,147683895,175,815,79,609
1781794394,147683895,175,815,79,609
1781794458,147683895,175,815,79,609
1781794523,147683895,175,815,79,609
1781794587,147683895,175,815,79,609
1781794651,147683895,175,815,79,609
1781794715,147683895,175,815,79,609
1781794779,147683895,175,815,79,609
1781794843,147683895,175,815,79,609
1781794907,147683895,175,815,79,609
1781794971,147683895,175,815,79,609
1781795035,147683895,175,815,79,609
1781795099,147683895,175,815,79,609
1781795163,147683895,175,815,79,609
1781795227,147683895,175,815,79,609
1781795291,147683895,175,815,79,609
1781795355,147683895,175,815,79,609
1781795420,147683895,175,815,79,609
1781795484,147683895,175,815,79,609
1781795548,147683895,175,815,79,609
1781795612,147683895,175,815,79,609
1781795676,147683895,175,815,79,609
1781795740,147683895,175,815,79,609
1781795804,153890708,175,815,79,641
1781795869,153890708,175,815,79,641
1781795933,153890708,175,815,79,641
1781795997,153890708,175,815,79,641
1781796061,153890708,175,815,79,641
1781796125,153890708,175,815,79,641
1781796189,153890708,175,815,79,641
1781796254,153890708,175,815,79,641
1781796318,153890708,175,815,79,641
1781796382,153890708,175,815,79,641
1781796446,153890708,175,815,79,641
1781796510,153890708,175,815,79,641
1781796575,153890708,175,815,79,641
1781796639,153890708,175,815,79,641
1781796703,153890708,175,815,79,641
1781796767,153890708,175,815,79,641
1781796832,153890708,175,815,79,641
1781796896,153890708,175,815,79,641
1781796960,153890708,175,815,79,641
1781797024,153890708,175,815,79,641
1781797089,158187860,175,815,79,641
1781797153,158187860,175,815,79,641
1781797217,158187860,175,815,79,641
1781797281,158187860,175,815,79,641
1781797346,158187860,175,815,79,641
1781797410,158187860,175,815,79,641
1781797474,158187860,175,815,79,641
1781797538,158187860,175,815,79,641
1781797603,158187860,175,815,79,641
1781797667,158187860,175,815,79,641
1781797731,158187860,175,815,79,641
1781797796,158187860,175,815,79,641
1781797860,158187860,175,815,79,641
1781797924,158187860,175,815,79,641
1781797989,158187860,175,815,79,641
1781798053,158187860,175,815,79,641
1781798118,158187860,175,815,79,641
1781798182,158187860,175,815,79,641
1781798246,158187860,175,815,79,641
1781798311,158187860,175,815,79,641
1781798375,158187860,175,815,79,641
1781798439,158187860,175,815,79,641
1781798504,158187860,175,815,79,641
1781798568,158187860,175,815,79,641
1781798633,158187860,175,815,79,641
1781798697,158187860,175,815,79,641
1781798761,158187860,175,815,79,641
1781798826,158187860,175,815,79,641
1781798890,158187860,175,815,79,641
1781798955,158187860,175,815,79,641
1781799019,158187860,175,815,79,641
1781799083,158187860,175,815,79,641
1781799148,158187860,175,815,79,641
1781799212,158187860,175,815,79,641
1781799277,158187860,175,815,79,641
1781799341,158187860,175,815,79,641
1781799406,158187860,175,815,79,641
1781799470,158187860,175,815,79,641
1781799535,158187860,175,815,79,641
1781799599,158187860,175,815,79,641
1781799664,158187860,175,815,79,641
1781799728,158187860,175,815,79,641
1781799793,158187860,175,815,79,641
1781799858,158187860,175,815,79,641
1781799922,158187860,175,815,79,641
1781799988,158187860,175,815,79,641
1781800054,158187860,175,815,79,641
1781800120,158187860,175,815,79,641
1781800186,158187860,175,815,79,641
1781800252,168992840,175,815,79,644
1781800318,168992840,175,815,79,644
1781800384,168992840,175,815,79,644
1781800450,168992840,175,815,79,644
1781800516,168992840,175,815,79,644
1781800582,168992840,175,815,79,644
1781800649,168992840,175,815,79,644
1781800715,168992840,175,815,79,644
1781800782,168992840,175,815,79,644
1781800848,168992840,175,815,79,644
1781800914,168992840,175,815,79,644
1781800980,168992840,175,815,79,644
1781801046,168992840,175,815,79,644
1781801112,168992840,175,815,79,644
1781801178,168992840,175,815,79,644
1781801244,168992840,175,815,79,644
1781801310,168992840,175,815,79,644
1781801376,168992840,175,815,79,644
1781801442,168992840,175,815,79,644
1781801508,168992840,175,815,79,644
1781801574,168992840,175,815,79,644
1781801640,168992840,175,815,79,644
1781801706,168992840,175,815,79,644
1781801772,168992840,175,815,79,644
1781801838,168992840,175,815,79,644
1781801904,168992840,175,815,79,644
1781801970,168992840,175,815,79,644
1781802036,168992840,175,815,79,644
1781802102,168992840,175,815,79,644
1781802168,168992840,175,815,79,644
1781802234,168992840,175,815,79,644
1781802301,168992840,175,815,79,644
1781802367,168992840,175,815,79,644
1781802433,168992840,175,815,79,644
1781802499,168992840,175,815,79,644
1781802565,168992840,175,815,79,644
1781802631,168992840,175,815,79,644
1781802697,168992840,175,815,79,644
1781802763,168992840,175,815,79,644
1781802829,168992840,175,815,79,644
1781802896,168992840,175,815,79,644
1781802962,168992840,175,815,79,644
1781803028,168992840,175,815,79,644
1781803094,168992840,175,815,79,644
1781803160,168992840,175,815,79,644
1781803227,168992840,175,815,79,644
1781803293,168992840,175,815,79,644
1781803359,168992840,175,815,79,644
1781803425,168992840,175,815,79,644
1781803491,168992840,175,815,79,644
1781803558,168992840,175,815,79,644
1781803624,168992840,175,815,79,644
1781803690,168992840,175,815,79,644
1781803756,168992840,175,815,79,644
1781803823,168992840,175,815,79,644
1781803889,168992840,175,815,79,644
1781803955,168992840,175,815,79,644
1781804021,168992840,175,815,79,644
1781804088,168992840,175,815,79,644
1781804154,168992840,175,815,79,644
1781804220,168992840,175,815,79,644
1781804287,168992840,175,815,79,644
1781804353,168992840,175,815,79,644
1781804419,168992840,175,815,79,644
1781804486,168992840,175,815,79,644
1781804552,183439890,175,815,79,644
1781804618,183439890,175,815,79,644
1781804685,183439890,175,815,79,644
1781804751,184295421,175,821,81,662
1781804818,184439691,175,845,84,675
1781804884,184439691,175,845,84,675
1781804950,184439691,175,845,84,675
1781805017,184439691,175,845,84,675
1781805083,184439691,175,845,84,675
1781805150,184439691,175,845,84,675
1781805216,184439691,175,845,84,675
1781805282,184439691,175,845,84,675
1781805348,184439691,175,845,84,675
1781805415,184439691,175,845,84,675
1781805481,184439691,175,845,84,675
1781805548,184439691,175,845,84,675
1781805614,184439691,175,845,84,675
1781805680,184439691,175,845,84,675
1781805747,184439691,175,845,84,675
1781805813,184439691,175,845,84,675
1781805880,184439691,175,845,84,675
1781805948,184439691,175,845,84,675
1781806014,184439691,175,845,84,675
1781806081,184439691,175,845,84,675
1781806147,184439691,175,845,84,675
1781806214,184439691,175,845,84,675
1781806280,184439691,175,845,84,675
1781806346,184439691,175,845,84,675
1781806413,184439691,175,845,84,675
1781806479,184439691,175,845,84,675
1781806546,184439691,175,845,84,675
1781806612,184439691,175,845,84,675
1781806679,184439691,175,845,84,675
1781806745,184439691,175,845,84,675
1781806812,184439691,175,845,84,675
1781806878,184439691,175,845,84,675
1781806945,184439691,175,845,84,675
1781807011,184439691,175,845,84,675
1781807077,184439691,175,845,84,675
1781807144,184439691,175,845,84,675
1781807210,184439691,175,845,84,675
1781807277,184439691,175,845,84,675
1781807343,184439691,175,845,84,675
1781807410,184439691,175,845,84,675
1781807476,184439691,175,845,84,675
1781807543,184439691,175,845,84,675
1781807609,184439691,175,845,84,675
1781807676,184439691,175,845,84,675
1781807743,184439691,175,845,84,675
1781807809,184439691,175,845,84,675
1781807876,190131634,175,845,84,725
1781807942,190131634,175,845,84,725
1781808009,190131634,175,845,84,725
1781808075,190131634,175,845,84,725
1781808142,190131634,175,845,84,725
1781808209,190131634,175,845,84,725
1781808275,190131634,175,845,84,725
1781808342,190131634,175,845,84,725
1781808409,190131634,175,845,84,725
1781808475,190131634,175,845,84,725
1781808542,190131634,175,845,84,725
1781808608,190131634,175,845,84,725
1781808675,190131634,175,845,84,725
1781808742,190131634,175,845,84,725
1781808808,190131634,175,845,84,725
1781808875,190131634,175,845,84,725
1781808942,190131634,175,845,84,725
1781809008,190131634,175,845,84,725
1781809075,190131634,175,845,84,725
1781809142,190131634,175,845,84,725
1781809209,190131634,175,845,84,725
1781809275,190131634,175,845,84,725
1781809342,190131634,175,845,84,725
1781809409,190131634,175,845,84,725
1781809475,190131634,175,845,84,725
1781809542,190131634,175,845,84,725
1781809609,190131634,175,845,84,725
1781809676,190131634,175,845,84,725
1781809742,190131634,175,845,84,725
1781809809,190131634,175,845,84,725
1781809876,190131634,175,845,84,725
1781809943,190131634,175,845,84,725
1781810010,190131634,175,845,84,725
1781810076,190131634,175,845,84,725
1781810143,190131634,175,845,84,725
1781810210,190131634,175,845,84,725
1781810277,190131634,175,845,84,725
1781810344,190131634,175,845,84,725
1781810411,190131634,175,845,84,725
1781810477,190131634,175,845,84,725
1781810544,190131634,175,845,84,725
1781810611,190131634,175,845,84,725
1781810678,190131634,175,845,84,725
1781810745,190131634,175,845,84,725
1781810812,190131634,175,845,84,725
1781810879,190131634,175,845,84,725
1781810945,190131634,175,845,84,725
1781811012,196581898,175,845,84,728
1781811079,196581898,175,845,84,728
1781811146,196581898,175,845,84,728
1781811213,196581898,175,845,84,728
1781811280,196581898,175,845,84,728
1781811347,196581898,175,845,84,728
1781811414,196581898,175,845,84,728
1781811481,196581898,175,845,84,728
1781811548,196581898,175,845,84,728
1781811615,197863775,175,845,84,728
1781811682,198046381,175,845,84,728
1781811748,198046381,175,845,84,728
1781811815,198046381,175,845,84,728
1781811882,198046381,175,845,84,728
1781811949,198046381,175,845,84,728
1781812016,198046381,175,845,84,728
1781812083,198046381,175,845,84,728
1781812150,198046381,175,845,84,728
1781812217,198046381,175,845,84,728
1781812284,198046381,175,845,84,728
1781812351,198046381,175,845,84,728
1781812418,198046381,175,845,84,728
1781812485,198046381,175,845,84,728
1781812552,198046381,175,845,84,728
1781812619,198046381,175,845,84,728
1781812686,198046381,175,845,84,728
1781812753,198046381,175,845,84,728
1781812820,198046381,175,845,84,728
1781812887,198046381,175,845,84,728
1781812954,198046381,175,845,84,728
1781813021,198046381,175,845,84,728
1781813088,198046381,175,845,84,728
1781813155,201156879,175,845,84,733
1781813222,201156879,175,845,84,733
1781813289,201519362,175,845,84,733
1781813356,201519362,175,845,84,733
1781813423,201519362,175,845,84,733
1781813490,201519362,175,845,84,733
1781813557,201519362,175,845,84,733
1781813623,201519362,175,845,84,733
1781813690,201519362,175,845,84,733
1781813757,201519362,175,845,84,733
1781813823,201519362,175,845,84,733
1781813890,201519362,175,845,84,733
1781813957,201519362,175,845,84,733
1781814023,201519362,175,845,84,733
1781814090,201519362,175,845,84,733
1781814157,201519362,175,845,84,733
1781814223,201519362,175,845,84,733
1781814290,201519362,175,845,84,733
1781814357,201519362,175,845,84,733
1781814423,201519362,175,845,84,733
1781814490,201519362,175,845,84,733
1781814557,204258204,175,845,84,736
1781814624,204258204,175,845,84,736
1781814690,204258204,175,845,84,736
1781814757,204258204,175,845,84,736
1781814824,204258204,175,845,84,736
1781814891,204258204,175,845,84,736
1781814957,204258204,175,845,84,736
1781815024,204258204,175,845,84,736
1781815091,204258204,175,845,84,736
1781815158,204258204,175,845,84,736
1781815225,204258204,175,845,84,736
1781815291,204258204,175,845,84,736
1781815358,204258204,175,845,84,736
1781815425,204258204,175,845,84,736
1781815492,204258204,175,845,84,736
1781815559,204258204,175,845,84,736
1781815626,204258204,175,845,84,736
1781815693,206837828,175,845,84,736
1781815760,206837828,175,845,84,736
1781815827,206837828,175,845,84,736
1781815893,206837828,175,845,84,736
1781815960,206837828,175,845,84,736
1781816027,206837828,175,845,84,736
1781816094,206837828,175,845,84,736
1781816161,206837828,175,845,84,736
1781816228,206837828,175,845,84,736
1781816295,206837828,175,845,84,736
1781816362,208463711,175,845,84,736
1781816428,208463711,175,845,84,736
1781816495,208463711,175,845,84,736
1781816562,208463711,175,845,84,736
1781816629,208463711,175,845,84,736
1781816696,208463711,175,845,84,736
1781816763,209333018,175,845,84,736
1781816830,209333018,175,845,84,736
1781816897,209333018,175,845,84,736
1781816964,209333018,175,845,84,736
1781817031,209333018,175,845,84,736
1781817098,209333018,175,845,84,736
1781817165,209333018,175,845,84,736
1781817232,209333018,175,845,84,736
1781817299,210605347,175,845,84,736
1781817366,210605347,175,845,84,736
1781817433,210605347,175,845,84,736
1781817500,210605347,175,845,84,736
1781817567,210605347,175,845,84,736
1781817634,210605347,175,845,84,736
1781817701,210605347,175,845,84,736
1781817768,210605347,175,845,84,736
1781817835,210605347,175,845,84,736
1781817902,210605347,175,845,84,736
1781817969,210605347,175,845,84,736
1781818036,210605347,175,845,84,736
1781818103,210605347,175,845,84,736
1781818170,210605347,175,845,84,736
1781818237,210605347,175,845,84,736
1781818304,210605347,175,845,84,736
1781818371,210605347,175,845,84,736
1781818439,210605347,175,845,84,736
1781818506,210605347,175,845,84,736
1781818573,210605347,175,845,84,736
1781818640,210605347,175,845,84,736
1781818707,210605347,175,845,84,736
1781818774,210605347,175,845,84,736
1781818841,210605347,175,845,84,736
1781818908,210605347,175,845,84,736
1781818975,210605347,175,845,84,736
1781819042,210605347,175,845,84,736
1781819109,210605347,175,845,84,736
1781819177,210605347,175,845,84,736
1781819244,210605347,175,845,84,736
1781819311,210605347,175,845,84,736
1781819378,210605347,175,845,84,736
1781819445,210605347,175,845,84,736
1781819512,210605347,175,845,84,736
1781819579,210605347,175,845,84,736
1781819647,210605347,175,845,84,736
1781819714,216288259,175,845,84,736
1781819781,216325930,175,845,84,736
1781819848,216325930,175,845,84,736
1781819915,216325930,175,845,84,736
1781819982,216325930,175,845,84,736
1781820050,216325930,175,845,84,736
1781820117,216325930,175,845,84,736
1781820184,216325930,175,845,84,736
1781820251,216325930,175,845,84,736
1781820318,216325930,175,845,84,736
1781820386,216325930,175,845,84,736
1781820453,216325930,175,845,84,736
1781820520,216325930,175,845,84,736
1781820587,216325930,175,845,84,736
1781820654,216325930,175,845,84,736
1781820722,216325930,175,845,84,736
1781820789,216325930,175,845,84,736
1781820856,216325930,175,845,84,736
1781820924,216325930,175,845,84,736
1781820991,216325930,175,845,84,736
1781821058,216325930,175,845,84,736
1781821125,216325930,175,845,84,736
1781821193,216325930,175,845,84,736
1781821260,216325930,175,845,84,736
1781821327,216325930,175,845,84,736
1781821395,216325930,175,845,84,736
1781821462,216325930,175,845,84,736
1781821529,216325930,175,845,84,736
1781821596,216325930,175,845,84,736
1781821664,216325930,175,845,84,736
1781821731,216325930,175,845,84,736
1781821798,216325930,175,845,84,736
1781821866,216325930,175,845,84,736
1781821933,221440232,175,845,84,736
1781822001,221440232,175,845,84,736
1781822068,221440232,175,845,84,736
1781822135,221985254,175,845,84,736
1781822203,222082787,176,847,85,736
1781822270,222082787,176,847,85,736
1781822337,222082787,176,847,85,736
1781822405,222082787,176,847,85,736
1781822472,222082787,176,847,85,736
1781822540,222082787,176,847,85,736
1781822607,222082787,176,847,85,736
1781822674,222082787,176,847,85,736
1781822742,222082787,176,847,85,736
1781822809,222082787,176,847,85,736
1781822877,222082787,176,847,85,736
1781822944,222082787,176,847,85,736
1781823012,222082787,176,847,85,736
1781823079,222082787,176,847,85,736
1781823146,222082787,176,847,85,736
1781823214,222082787,176,847,85,736
1781823281,222082787,176,847,85,736
1781823349,222082787,176,847,85,736
1781823416,222082787,176,847,85,736
1781823484,222082787,176,847,85,736
1781823551,222082787,176,847,85,736
1781823619,222082787,176,847,85,736
1781823686,222082787,176,847,85,736
1781823754,222082787,176,847,85,736
1781823821,222082787,176,847,85,736
1781823889,222082787,176,847,85,736
1781823956,222082787,176,847,85,736
1781824024,222082787,176,847,85,736
1781824091,222082787,176,847,85,736
1781824159,222082787,176,847,85,736
1781824226,222082787,176,847,85,736
1781824294,222082787,176,847,85,736
1781824362,222082787,176,847,85,736
1781824429,222082787,176,847,85,736
1781824497,222082787,176,847,85,736
1781824564,227922931,176,847,85,736
1781824632,227922931,176,847,85,736
1781824699,227922931,176,847,85,736
1781824767,227922931,176,847,85,736
1781824835,227922931,176,847,85,736
1781824902,227922931,176,847,85,736
1781824970,227922931,176,847,85,736
1781825037,227922931,176,847,85,736
1781825105,227922931,176,847,85,736
1781825172,227922931,176,847,85,736
1781825240,229598808,176,847,85,736
1781825308,229598808,176,847,85,736
1781825375,229598808,176,847,85,736
1781825443,229598808,176,847,85,736
1781825511,229598808,176,847,85,736
1781825578,230517293,176,847,85,736
1781825646,230517293,176,847,85,736
1781825714,230807649,176,847,85,736
1781825781,231055396,176,847,85,736
1781825849,231055396,176,847,85,736
1781825917,231055396,176,847,85,736
1781825984,231055396,176,847,85,736
1781826052,231055396,176,847,85,736
1781826120,231055396,176,847,85,736
1781826188,231055396,176,847,85,736
1781826255,231055396,176,847,85,736
1781826323,231055396,176,847,85,736
1781826391,231055396,176,847,85,736
1781826458,231055396,176,847,85,736
1781826526,231055396,176,847,85,736
1781826594,231055396,176,847,85,736
1781826662,231055396,176,847,85,736
1781826730,231055396,176,847,85,736
1781826797,231055396,176,847,85,736
1781826865,231055396,176,847,85,736
1781826933,231055396,176,847,85,736
1781827001,231055396,176,847,85,736
1781827069,234287878,176,847,85,736
1781827136,234287878,176,847,85,736
1781827204,234544404,176,847,85,736
1781827272,234544404,176,847,85,736
1781827340,234544404,176,847,85,736
1781827408,234544404,176,847,85,736
1781827475,234544404,176,847,85,736
1781827543,234544404,176,847,85,736
1781827611,234544404,176,847,85,736
1781827679,234544404,176,847,85,736
1781827747,234544404,176,847,85,736
1781827815,234544404,176,847,85,736
1781827883,234544404,176,847,85,736
1781827950,234544404,176,847,85,736
1781828018,234544404,176,847,85,736
1781828086,234544404,176,847,85,736
1781828154,236905132,176,847,85,738
1781828222,237122203,176,847,85,738
1781828290,237122203,176,847,85,738
1781828358,237122203,176,847,85,738
1781828426,237122203,176,847,85,738
1781828493,237122203,176,847,85,738
1781828561,237122203,176,847,85,738
1781828629,237122203,176,847,85,738
1781828697,237122203,176,847,85,738
1781828765,237122203,176,847,85,738
1781828833,237122203,176,847,85,738
1781828901,237122203,176,847,85,738
1781828969,237122203,176,847,85,738
1781829037,237122203,176,847,85,738
1781829105,237122203,176,847,85,738
1781829173,237122203,176,847,85,738
1781829241,237122203,176,847,85,738
1781829309,237122203,176,847,85,738
1781829377,237122203,176,847,85,738
1781829445,237122203,176,847,85,738
1781829513,237122203,176,847,85,738
1781829581,237122203,176,847,85,738
1781829649,237122203,176,847,85,738
1781829717,237122203,176,847,85,738
1781829785,237122203,176,847,85,738
1781829853,237122203,176,847,85,738
1781829921,237122203,176,847,85,738
1781829989,237122203,176,847,85,738
1781830057,241760806,176,847,85,738
1781830125,241760806,176,847,85,738
1781830193,241760806,176,847,85,738
1781830261,241760806,176,847,85,738
1781830329,241760806,176,847,85,738
1781830397,241760806,176,847,85,738
1781830465,241760806,176,847,85,738
1781830533,241760806,176,847,85,738
1781830602,241760806,176,847,85,738
1781830670,241760806,176,847,85,738
1781830738,241760806,176,847,85,738
1781830806,241760806,176,847,85,738
1781830874,243843493,176,847,85,738
1781830942,243843493,176,847,85,738
1781831010,243843493,176,847,85,738
1781831078,243843493,176,847,85,738
1781831147,243843493,176,847,85,738
1781831215,243843493,176,847,85,738
1781831284,243843493,176,847,85,738
1781831352,243843493,176,847,85,738
1781831420,243843493,176,847,85,738
1781831489,243843493,176,847,85,738
1781831557,245570127,176,847,85,738
1781831625,245570127,176,847,85,738
1781831693,245570127,176,847,85,738
1781831761,245570127,176,847,85,738
1781831829,245570127,176,847,85,738
1781831898,245570127,176,847,85,738
1781831966,245570127,176,847,85,738
1781832034,245570127,176,847,85,738
1781832102,245570127,176,847,85,738
1781832170,245570127,176,847,85,738
1781832239,247222955,176,847,85,738
1781832307,247222955,176,847,85,738
1781832375,247222955,176,847,85,738
1781832443,247222955,176,847,85,738
1781832512,247222955,176,847,85,738
1781832580,248114107,176,847,85,738
1781832648,248254463,176,847,85,738
1781832716,248254463,176,847,85,738
1781832785,248254463,176,847,85,738
1781832853,248254463,176,847,85,738
1781832921,248254463,176,847,85,738
1781832989,248254463,176,847,85,738
1781833058,248254463,176,847,85,738
1781833126,248254463,176,847,85,738
1781833195,249676181,176,847,85,738
1781833263,249676181,176,847,85,738
1781833331,249676181,176,847,85,738
1781833400,249676181,176,847,85,738
1781833468,250419598,176,847,85,738
1781833536,250419598,176,847,85,738
1781833605,250419598,176,847,85,738
1781833673,250419598,176,847,85,738
1781833741,250419598,176,847,85,738
1781833810,250419598,176,847,85,738
1781833878,250419598,176,847,85,738
1781833946,250419598,176,847,85,738
1781834015,250419598,176,847,85,738
1781834083,250419598,176,847,85,738
1781834152,250419598,176,847,85,738
1781834220,250419598,176,847,85,738
1781834289,250419598,176,847,85,738
1781834357,250419598,176,847,85,738
1781834426,250419598,176,847,85,738
1781834494,250419598,176,847,85,738
1781834563,250419598,176,847,85,738
1781834631,250419598,176,847,85,738
1781834700,250419598,176,847,85,738
1781834768,250419598,176,847,85,738
1781834837,250419598,176,847,85,738
1781834905,254042318,176,847,85,738
1781834974,254042318,176,847,85,738
1781835042,254042318,176,847,85,738
1781835110,254042318,176,847,85,738
1781835179,254042318,176,847,85,738
1781835247,254042318,176,847,85,738
1781835316,255136827,176,847,85,738
1781835384,255136827,176,847,85,738
1781835453,255136827,176,847,85,738
1781835521,255136827,176,847,85,738
1781835590,255136827,176,847,85,738
1781835659,255136827,176,847,85,738
1781835727,255136827,176,847,85,738
1781835796,255136827,176,847,85,738
1781835864,255136827,176,847,85,738
1781835933,255136827,176,847,85,738
1781836001,255136827,176,847,85,738
1781836070,255136827,176,847,85,738
1781836138,255136827,176,847,85,738
1781836207,255136827,176,847,85,738
1781836275,255136827,176,847,85,738
1781836344,255136827,176,847,85,738
1781836412,255136827,176,847,85,738
1781836481,255136827,176,847,85,738
1781836550,255136827,176,847,85,738
1781836618,255136827,176,847,85,738
1781836687,255136827,176,847,85,738
1781836756,255136827,176,847,85,738
1781836824,255136827,176,847,85,738
1781836893,255136827,176,847,85,738
1781836962,255136827,176,847,85,738
1781837030,259470607,176,847,85,738
