# timestamp_unix,exec_count,cov_edges,ft_count,corpus_count,rss_mb
1781750645,70438,756,3276,277,546
1781750705,132430,756,3283,281,546
1781750765,190687,756,3284,282,546
1781750825,246496,756,3286,283,546
1781750885,304677,756,3322,287,546
1781750945,363372,756,3324,288,552
1781751005,420363,756,3324,288,552
1781751065,476854,756,3324,288,552
1781751125,534063,756,3324,288,552
1781751185,589244,756,3330,289,552
1781751245,641722,756,3340,293,552
1781751305,696777,756,3341,294,552
1781751365,748827,756,3341,294,552
1781751425,802175,756,3342,295,552
1781751485,853677,756,3342,295,552
1781751545,904632,756,3342,295,552
1781751605,956286,756,3342,295,555
1781751665,1007348,756,3346,296,555
1781751725,1057984,756,3346,296,584
1781751785,1106464,756,3346,296,584
1781751845,1154203,756,3346,296,584
1781751905,1208514,756,3357,297,584
1781751965,1251447,756,3357,297,584
1781752025,1308510,756,3357,297,584
1781752085,1356920,756,3360,300,584
1781752145,1402670,756,3360,300,584
1781752205,1454823,756,3361,301,584
1781752265,1492244,756,3361,301,584
1781752325,1548202,756,3361,301,584
1781752385,1599133,756,3366,303,584
1781752445,1648655,756,3366,303,585
1781752505,1698843,756,3366,303,592
1781752565,1747827,756,3366,303,592
1781752625,1795729,756,3366,303,592
1781752685,1842849,756,3366,303,592
1781752745,1888304,756,3366,303,592
1781752805,1941071,756,3366,303,592
1781752865,1991011,756,3366,303,592
1781752925,2037474,756,3366,303,592
1781752985,2081289,756,3366,303,592
1781753045,2135392,756,3369,304,592
1781753105,2180319,756,3369,304,592
1781753165,2226080,756,3369,304,592
1781753225,2277504,756,3369,304,592
1781753285,2327964,756,3369,304,592
1781753345,2366542,756,3369,304,592
1781753405,2419913,756,3369,304,592
1781753465,2463127,756,3369,304,592
1781753525,2516315,756,3369,304,592
1781753585,2560044,756,3369,304,592
1781753645,2609494,756,3369,304,592
1781753706,2656869,756,3369,304,592
1781753766,2700759,756,3370,305,592
1781753826,2749457,756,3370,305,592
1781753886,2797055,756,3370,305,592
1781753946,2841246,756,3370,305,592
1781754006,2881383,756,3370,305,592
1781754066,2939068,756,3377,308,592
1781754126,2982369,756,3378,309,592
1781754186,3025160,756,3379,310,592
1781754246,3066343,756,3379,310,592
1781754306,3112008,756,3379,310,592
1781754366,3155817,756,3379,310,592
1781754426,3199642,756,3379,310,592
1781754486,3242678,756,3379,310,592
1781754546,3285053,756,3379,310,592
1781754606,3327471,756,3379,310,592
1781754666,3373257,756,3379,310,592
1781754726,3415733,756,3380,311,592
1781754786,3456949,756,3381,312,592
1781754846,3499288,756,3381,312,592
1781754906,3539852,756,3381,312,592
1781754966,3584268,756,3381,312,592
1781755026,3625520,756,3381,312,592
1781755086,3669345,756,3381,312,592
1781755146,3709492,756,3382,313,592
1781755206,3748599,756,3382,313,592
1781755266,3792638,756,3391,316,592
1781755326,3830585,756,3396,317,592
1781755386,3871992,756,3410,318,592
1781755446,3907716,756,3410,318,592
1781755506,3947021,756,3439,325,592
1781755566,3976017,756,3439,325,592
1781755626,4005696,756,3449,327,592
1781755686,4034741,756,3449,327,592
1781755746,4063794,756,3449,327,592
1781755806,4091737,756,3449,327,592
1781755866,4120940,756,3461,329,592
1781755926,4148518,756,3461,329,592
1781755986,4178199,756,3461,329,592
1781756046,4206231,756,3468,332,592
1781756106,4233817,756,3469,333,592
1781756166,4261458,756,3470,334,592
1781756226,4289069,756,3470,334,592
1781756286,4316262,756,3470,334,592
1781756346,4343800,756,3470,334,592
1781756406,4371907,756,3470,334,592
1781756466,4399009,756,3470,334,592
1781756526,4426218,756,3470,334,592
1781756586,4453014,756,3473,336,592
1781756646,4480113,756,3531,339,592
1781756706,4507878,756,3531,339,592
1781756766,4535939,756,3531,339,592
1781756826,4561752,756,3531,339,592
1781756886,4591221,756,3531,339,592
1781756946,4620046,756,3531,339,592
1781757006,4647791,756,3531,339,592
1781757066,4676178,756,3531,339,592
1781757126,4704322,756,3531,339,592
1781757186,4731903,756,3531,339,592
1781757246,4760399,756,3531,339,592
1781757306,4788655,756,3531,339,592
1781757366,4817289,756,3531,339,592
1781757426,4844707,756,3531,339,592
1781757486,4870360,756,3531,339,592
1781757546,4899857,756,3531,339,592
1781757606,4928163,756,3531,339,592
1781757666,4954296,756,3531,339,592
1781757727,4982100,756,3531,339,592
1781757787,5005055,756,3531,339,592
1781757847,5037135,756,3531,339,592
1781757907,5068329,756,3531,339,592
1781757967,5092004,756,3531,339,592
1781758027,5122298,756,3531,339,592
1781758087,5148374,756,3531,339,592
1781758147,5157910,756,3531,339,592
1781758207,5204600,756,3531,339,592
1781758267,5224272,756,3531,339,592
1781758327,5259066,756,3531,339,592
1781758387,5278503,756,3531,339,592
1781758447,5312355,756,3531,339,592
1781758507,5337172,756,3531,339,592
1781758567,5371311,756,3531,339,592
1781758627,5400008,756,3531,339,592
1781758687,5430370,756,3531,339,592
1781758747,5459836,756,3531,339,592
1781758807,5485563,756,3531,339,592
1781758867,5502794,756,3531,339,592
1781758927,5543977,756,3531,339,592
1781758987,5561945,756,3531,339,592
1781759047,5592209,756,3531,339,592
1781759107,5621136,756,3531,339,592
1781759167,5621136,756,3531,339,592
1781759227,5678336,756,3531,339,592
1781759287,5707824,756,3531,339,592
1781759347,5739945,756,3531,339,592
1781759407,5752950,756,3531,339,592
1781759467,5783406,756,3531,339,592
1781759527,5806594,756,3531,339,592
1781759587,5846413,756,3531,339,592
1781759647,5876899,756,3531,339,592
1781759707,5904602,756,3531,339,592
1781759767,5934211,756,3531,339,592
1781759827,5934211,756,3531,339,592
1781759887,5990355,756,3531,339,592
1781759947,6012607,756,3531,339,592
1781760007,6035416,756,3531,339,592
1781760067,6054753,756,3531,339,592
1781760127,6085919,756,3531,339,592
1781760187,6123921,756,3531,339,592
1781760247,6155358,756,3531,339,592
1781760307,6184294,756,3531,339,592
1781760367,6199277,756,3531,339,592
1781760427,6230148,756,3531,339,592
1781760487,6267750,756,3531,339,592
1781760547,6295027,756,3531,339,592
1781760607,6300235,756,3531,339,592
1781760667,6351212,756,3531,339,592
1781760727,6378902,756,3532,340,592
1781760787,6408029,756,3533,341,592
1781760847,6437330,756,3533,341,592
1781760907,6465953,756,3533,341,592
1781760967,6491758,756,3534,342,592
1781761027,6521440,756,3534,342,592
1781761087,6544373,756,3534,342,592
1781761147,6579173,756,3534,342,592
1781761207,6605276,756,3534,342,592
1781761267,6640270,756,3534,342,592
1781761327,6670271,756,3534,342,592
1781761387,6697581,756,3534,342,592
1781761447,6727468,756,3534,342,592
1781761507,6756159,756,3534,342,592
1781761567,6768894,756,3534,342,592
1781761628,6814187,756,3534,342,592
1781761688,6843817,756,3534,342,592
1781761748,6865491,756,3534,342,592
1781761808,6904386,756,3534,342,592
1781761868,6920590,756,3534,342,592
1781761928,6956767,756,3534,342,592
1781761988,6989910,756,3534,342,592
1781762048,7003947,756,3534,342,592
1781762108,7044717,756,3534,342,592
1781762168,7071828,756,3534,342,592
1781762228,7100834,756,3534,342,592
1781762288,7133205,756,3534,342,592
1781762348,7163002,756,3534,342,592
1781762408,7179238,756,3534,342,592
1781762468,7222373,756,3534,342,592
1781762528,7244489,756,3534,342,592
1781762588,7258010,756,3534,342,592
1781762648,7307874,756,3534,342,592
1781762708,7325574,756,3534,342,592
1781762768,7356263,756,3534,342,592
1781762828,7382235,756,3534,342,592
1781762888,7426446,756,3534,342,592
1781762948,7437173,756,3534,342,592
1781763008,7437173,756,3534,342,592
1781763068,7509742,756,3534,342,592
1781763128,7539579,756,3534,342,592
1781763188,7566650,756,3534,342,592
1781763248,7591458,756,3534,342,592
1781763308,7617382,756,3534,342,592
1781763368,7654313,756,3534,342,592
1781763428,7686213,756,3534,342,592
1781763488,7713514,756,3534,342,592
1781763548,7734623,756,3534,342,592
1781763608,7774183,756,3534,342,592
1781763668,7799808,756,3534,342,592
1781763728,7831924,756,3534,342,592
1781763788,7860496,756,3534,342,592
1781763848,7889032,756,3534,342,592
1781763908,7910043,756,3534,342,592
1781763968,7948686,756,3534,342,592
1781764028,7977589,756,3534,342,592
1781764088,8001436,756,3534,342,592
1781764148,8037525,756,3534,342,592
1781764208,8045465,756,3534,342,592
1781764268,8080376,756,3534,342,592
1781764328,8103839,756,3534,342,592
1781764388,8151365,756,3534,342,592
1781764448,8151365,756,3534,342,592
1781764508,8203373,756,3534,342,592
1781764568,8233376,756,3534,342,592
1781764628,8265847,756,3534,342,592
1781764688,8294496,756,3534,342,592
1781764748,8325469,756,3534,342,592
1781764808,8343781,756,3534,342,592
1781764868,8368162,756,3534,342,592
1781764928,8407669,756,3534,342,592
1781764988,8441409,756,3534,342,592
1781765048,8467623,756,3534,342,592
1781765108,8491753,756,3534,342,592
1781765168,8506059,756,3534,342,592
1781765228,8561783,756,3534,342,592
1781765288,8585952,756,3534,342,592
1781765348,8614465,756,3534,342,592
1781765409,8633820,756,3534,342,592
1781765469,8672113,756,3534,342,592
1781765529,8672113,756,3534,342,592
1781765589,8735945,756,3534,342,592
1781765649,8755374,756,3534,342,592
1781765709,8788871,756,3534,342,592
1781765769,8825081,756,3534,342,592
1781765829,8853801,756,3534,342,592
1781765889,8882452,756,3534,342,592
1781765949,8899382,756,3534,342,592
1781766009,8920588,756,3534,342,592
1781766069,8962924,756,3534,342,592
1781766129,8976276,756,3534,342,592
1781766189,9024055,756,3534,342,592
1781766249,9054613,756,3534,342,592
1781766309,9065541,756,3534,342,592
1781766369,9116739,756,3534,342,592
1781766429,9132766,756,3534,342,592
1781766489,9164490,756,3534,342,592
1781766549,9198959,756,3534,342,592
1781766609,9234958,756,3534,342,592
1781766669,9244130,756,3534,342,592
1781766729,9292392,756,3534,342,592
1781766789,9314046,756,3534,342,592
1781766849,9335499,756,3534,342,592
1781766909,9363651,756,3534,342,592
1781766969,9408939,756,3534,342,592
1781767029,9426787,756,3534,342,592
1781767089,9462200,756,3534,342,592
1781767149,9495300,756,3534,342,592
1781767209,9495300,756,3534,342,592
1781767269,9552434,756,3534,342,592
1781767329,9564970,756,3534,342,592
1781767389,9610798,756,3534,342,592
1781767449,9627920,756,3534,342,592
1781767509,9667392,756,3534,342,592
1781767569,9697552,756,3534,342,592
1781767629,9724873,756,3534,342,592
1781767689,9752368,756,3534,342,592
1781767749,9784095,756,3534,342,592
1781767809,9819823,756,3534,342,592
1781767869,9850254,756,3534,342,592
1781767929,9877557,756,3534,342,592
1781767989,9903955,756,3535,343,592
1781768049,9922619,756,3535,343,592
1781768109,9962700,756,3535,343,592
1781768169,9962700,756,3535,343,592
1781768229,10023832,756,3535,343,592
1781768289,10046808,756,3535,343,592
1781768349,10046808,756,3535,343,592
1781768409,10120162,756,3535,343,592
1781768469,10151451,756,3535,343,592
1781768529,10151451,756,3535,343,592
1781768589,10187542,756,3535,343,592
1781768649,10234806,756,3535,343,592
1781768709,10252539,756,3535,343,592
1781768769,10282107,756,3535,343,592
1781768829,10282107,756,3535,343,592
1781768889,10348971,756,3535,343,592
1781768949,10382307,756,3535,343,592
1781769009,10419864,756,3535,343,592
1781769069,10436714,756,3535,343,592
1781769129,10468609,756,3535,343,592
1781769190,10468609,756,3535,343,592
1781769250,10538408,756,3535,343,592
1781769310,10538408,756,3535,343,592
1781769370,10598030,756,3535,343,592
1781769430,10617457,756,3535,343,592
1781769490,10617457,756,3535,343,592
1781769550,10682381,756,3535,343,592
1781769610,10718895,756,3535,343,592
1781769670,10724821,756,3535,343,592
1781769730,10769890,756,3535,343,592
1781769790,10793894,756,3535,343,592
1781769850,10817438,756,3535,343,592
1781769910,10817438,756,3535,343,592
1781769970,10892691,756,3535,343,592
1781770030,10892691,756,3535,343,592
1781770090,10960110,756,3546,345,662
1781770150,10986532,756,3546,345,699
1781770210,11010621,756,3546,345,705
1781770270,11036912,756,3546,345,705
1781770330,11080140,756,3546,345,705
1781770390,11102438,756,3546,345,705
1781770450,11147480,756,3546,345,705
1781770510,11183757,756,3546,345,708
1781770570,11213505,756,3546,345,708
1781770630,11245587,756,3546,345,710
1781770690,11286898,756,3546,345,710
1781770750,11316909,756,3546,345,710
1781770810,11316909,756,3546,345,710
1781770870,11381750,756,3546,345,710
1781770930,11411427,756,3546,345,710
1781770990,11447609,756,3546,345,710
1781771050,11465722,756,3546,345,710
1781771110,11500155,756,3546,345,710
1781771170,11529158,756,3546,345,710
1781771230,11580705,756,3546,345,710
1781771290,11610534,756,3546,345,710
1781771350,11633070,756,3546,345,710
1781771410,11658906,756,3546,345,710
1781771470,11658906,756,3546,345,710
1781771530,11737647,756,3546,345,710
1781771590,11737647,756,3546,345,710
1781771650,11811386,756,3546,345,712
1781771710,11836112,756,3546,345,712
1781771770,11875387,756,3546,345,712
1781771830,11906155,756,3546,345,712
1781771890,11942076,756,3546,345,712
1781771950,11970475,756,3546,345,712
1781772010,11999277,756,3546,345,712
1781772070,12038978,756,3546,345,712
1781772130,12068697,756,3546,345,716
1781772190,12098673,756,3546,345,716
1781772250,12134484,756,3546,345,716
1781772310,12134484,756,3546,345,716
1781772370,12134484,756,3546,345,716
1781772430,12231334,756,3546,345,716
1781772490,12271581,756,3546,345,716
1781772550,12301134,756,3546,345,716
1781772610,12341178,756,3546,345,716
1781772670,12367572,756,3546,345,716
1781772730,12401135,756,3546,345,716
1781772790,12434051,756,3546,345,716
1781772851,12454688,756,3546,345,716
1781772911,12502944,756,3546,345,720
1781772971,12536196,756,3546,345,720
1781773031,12570060,756,3546,345,720
1781773091,12587748,756,3546,345,720
1781773151,12638894,756,3546,345,720
1781773211,12645700,756,3546,345,720
1781773271,12706318,756,3546,345,720
1781773331,12730780,756,3546,345,720
1781773391,12765131,756,3546,345,720
1781773451,12765131,756,3546,345,720
1781773511,12829513,756,3546,345,720
1781773571,12851305,756,3546,345,720
1781773631,12884221,756,3546,345,720
1781773691,12915408,756,3546,345,720
1781773751,12942009,756,3546,345,720
1781773811,12987931,756,3546,345,720
1781773871,13007657,756,3546,345,720
1781773931,13059886,756,3546,345,720
1781773991,13093064,756,3546,345,720
1781774051,13133830,756,3546,345,720
1781774111,13172703,756,3546,345,720
1781774171,13176000,756,3546,345,720
1781774231,13176000,756,3546,345,720
1781774291,13267346,756,3546,345,720
1781774351,13267346,756,3546,345,720
1781774411,13339618,756,3546,345,720
1781774471,13368255,756,3546,345,720
1781774531,13392984,756,3546,345,720
1781774591,13392984,756,3546,345,720
1781774651,13450792,756,3546,345,720
1781774711,13450792,756,3546,345,720
1781774771,13527990,756,3546,345,720
1781774831,13565924,756,3546,345,720
1781774891,13601660,756,3546,345,727
1781774951,13627896,756,3546,345,727
1781775011,13651933,756,3546,345,727
1781775071,13702427,756,3546,345,727
1781775131,13711238,756,3546,345,727
1781775191,13711238,756,3546,345,727
1781775251,13794863,756,3546,345,727
1781775311,13824700,756,3546,345,727
1781775371,13872000,756,3546,345,727
1781775431,13872000,756,3546,345,727
1781775491,13937124,756,3546,345,727
1781775551,13971700,756,3546,345,727
1781775611,14002017,756,3546,345,727
1781775671,14029092,756,3546,345,727
1781775731,14075394,756,3546,345,727
1781775791,14102275,756,3546,345,727
1781775851,14142795,756,3546,345,727
1781775911,14148056,756,3546,345,727
1781775971,14207240,756,3546,345,727
1781776031,14243789,756,3546,345,727
1781776091,14267113,756,3546,345,727
1781776151,14267113,756,3546,345,727
1781776211,14344665,756,3546,345,727
1781776271,14372502,756,3546,345,727
1781776331,14406243,756,3546,345,727
1781776391,14445137,756,3546,345,727
1781776451,14473115,756,3546,345,727
1781776511,14509399,756,3546,345,727
1781776571,14540580,756,3546,345,727
1781776632,14568235,756,3546,345,727
1781776692,14606452,756,3546,345,727
1781776752,14643573,756,3546,345,727
1781776812,14660331,756,3546,345,727
1781776872,14660331,756,3546,345,727
1781776932,14742534,756,3546,345,727
1781776992,14771698,756,3546,345,727
1781777052,14816828,756,3546,345,727
1781777112,14843700,756,3546,345,727
1781777172,14883895,756,3546,345,727
1781777232,14917843,756,3546,345,727
1781777292,14945477,756,3546,345,727
1781777352,14945477,756,3546,345,727
1781777412,14945477,756,3546,345,727
1781777472,15031204,756,3546,345,727
1781777532,15077832,756,3546,345,727
1781777592,15118231,756,3546,345,727
1781777652,15137236,756,3546,345,727
1781777712,15176388,756,3546,345,727
1781777772,15211100,756,3546,345,727
1781777832,15226561,756,3546,345,727
1781777892,15264198,756,3546,345,727
1781777952,15295614,756,3546,345,727
1781778012,15342314,756,3546,345,727
1781778072,15386616,756,3546,345,727
1781778132,15386616,756,3546,345,727
1781778192,15451186,756,3546,345,727
1781778252,15463427,756,3546,345,727
1781778312,15506532,756,3546,345,727
1781778372,15549122,756,3546,345,727
1781778432,15565414,756,3546,345,727
1781778492,15565414,756,3546,345,727
1781778552,15649734,756,3546,345,727
1781778612,15684920,756,3546,345,727
1781778672,15684920,756,3546,345,727
1781778732,15741227,756,3546,345,727
1781778792,15772261,756,3546,345,727
1781778852,15814856,756,3546,345,727
1781778912,15853665,756,3546,345,727
1781778972,15861286,756,3546,345,727
1781779032,15906690,756,3546,345,727
1781779092,15931345,756,3546,345,727
1781779152,15990913,756,3546,345,727
1781779212,16000366,756,3546,345,727
1781779272,16051017,756,3546,345,727
1781779332,16096744,756,3546,345,727
1781779392,16096744,756,3546,345,727
1781779452,16132100,756,3546,345,727
1781779512,16184749,756,3546,345,727
1781779572,16216065,756,3546,345,727
1781779632,16244927,756,3546,345,727
1781779692,16244927,756,3546,345,727
1781779752,16330851,756,3546,345,727
1781779812,16347813,756,3546,345,727
1781779872,16395261,756,3546,345,727
1781779932,16395261,756,3546,345,727
1781779992,16451799,756,3546,345,727
1781780052,16493791,756,3546,345,727
1781780112,16528463,756,3546,345,727
1781780172,16549949,756,3546,345,727
1781780232,16549949,756,3546,345,727
1781780292,16633960,756,3546,345,727
1781780353,16646021,756,3546,345,727
1781780413,16693692,756,3546,345,727
1781780473,16709688,756,3546,345,727
1781780533,16743030,756,3546,345,727
1781780593,16789167,756,3546,345,727
1781780653,16835034,756,3546,345,727
1781780713,16835034,756,3546,345,727
1781780773,16835034,756,3546,345,727
1781780833,16917660,756,3546,345,727
1781780893,16917660,756,3546,345,727
1781780953,16976951,756,3546,345,727
1781781013,16976951,756,3546,345,727
1781781073,16976951,756,3546,345,727
1781781133,17082164,756,3546,345,727
1781781193,17082164,756,3546,345,727
1781781253,17143271,756,3546,345,727
1781781313,17198907,756,3546,345,727
1781781373,17198907,756,3546,345,727
1781781433,17267878,756,3546,345,727
1781781493,17297966,756,3546,345,727
1781781553,17335503,756,3557,346,727
1781781613,17342699,756,3557,346,740
1781781673,17404677,756,3557,346,740
1781781733,17408048,756,3557,346,740
1781781793,17408048,756,3557,346,740
1781781853,17484034,756,3557,346,744
1781781913,17520328,756,3557,346,748
1781781973,17520328,756,3557,346,748
1781782033,17586661,756,3557,346,750
1781782093,17613543,756,3557,346,750
1781782153,17674645,756,3557,346,750
1781782213,17683541,756,3557,346,750
1781782273,17683541,756,3557,346,750
1781782333,17683541,756,3557,346,750
1781782393,17683541,756,3557,346,750
1781782453,17835283,756,3557,346,750
1781782513,17855959,756,3557,346,750
1781782573,17855959,756,3557,346,750
1781782633,17924330,756,3557,346,750
1781782693,17963478,756,3557,346,750
1781782753,18007384,756,3557,346,750
1781782813,18051569,756,3557,346,750
1781782873,18071750,756,3557,346,750
1781782933,18071750,756,3557,346,750
1781782993,18148630,756,3557,346,750
1781783053,18171551,756,3557,346,750
1781783113,18208193,756,3557,346,750
1781783173,18225569,756,3557,346,750
1781783233,18257215,756,3557,346,750
1781783293,18310584,756,3557,346,750
1781783353,18334781,756,3557,346,750
1781783413,18389449,756,3557,346,750
1781783473,18425927,756,3557,346,750
1781783533,18456847,756,3557,346,750
1781783593,18456847,756,3557,346,750
1781783653,18456847,756,3557,346,750
1781783713,18559039,756,3557,346,750
1781783773,18577750,756,3557,346,750
1781783833,18628362,756,3557,346,750
1781783893,18645273,756,3557,346,750
1781783954,18662999,756,3557,346,750
1781784014,18717281,756,3557,346,750
1781784074,18732374,756,3557,346,750
1781784134,18766370,756,3557,346,750
1781784194,18766370,756,3557,346,750
1781784254,18766370,756,3557,346,750
1781784314,18766370,756,3557,346,750
1781784374,18766370,756,3557,346,750
1781784434,18766370,756,3557,346,750
1781784494,18766370,756,3557,346,750
1781784554,19007061,756,3557,346,758
1781784614,19058043,756,3557,346,758
1781784674,19058043,756,3557,346,758
1781784734,19119589,756,3557,346,758
1781784794,19160738,756,3557,346,758
1781784854,19160738,756,3557,346,758
1781784914,19236976,756,3557,346,758
1781784974,19269142,756,3557,346,758
1781785034,19269142,756,3557,346,758
1781785094,19316703,756,3557,346,758
1781785154,19316703,756,3557,346,758
1781785214,19316703,756,3557,346,758
1781785274,19441613,756,3557,346,758
1781785334,19441613,756,3557,346,758
1781785394,19441613,756,3557,346,758
1781785454,19536115,756,3557,346,758
1781785514,19536115,756,3557,346,758
1781785574,19600807,756,3557,346,758
1781785634,19642542,756,3557,346,758
1781785694,19678940,756,3557,346,758
1781785754,19678940,756,3557,346,758
1781785814,19738431,756,3557,346,758
1781785874,19738431,756,3557,346,758
1781785934,19802757,756,3557,346,758
1781785994,19802757,756,3557,346,758
1781786054,19883495,756,3557,346,758
1781786114,19891581,756,3557,346,758
1781786174,19891581,756,3557,346,758
1781786234,19975113,756,3557,346,758
1781786294,19992829,756,3557,346,758
1781786354,20036922,756,3557,346,758
1781786414,20036922,756,3557,346,758
1781786474,20104633,756,3557,346,758
1781786534,20143991,756,3557,346,758
1781786594,20162557,756,3557,346,758
1781786654,20207694,756,3557,346,758
1781786714,20207694,756,3557,346,758
1781786774,20283926,756,3557,346,758
1781786834,20296458,756,3557,346,758
1781786894,20296458,756,3557,346,758
1781786954,20386706,756,3557,346,758
1781787014,20386706,756,3557,346,758
1781787074,20449985,756,3557,346,758
1781787134,20449985,756,3557,346,758
1781787194,20529490,756,3557,346,758
1781787254,20529490,756,3557,346,758
1781787314,20578212,756,3557,346,758
1781787375,20578212,756,3557,346,758
1781787435,20578212,756,3557,346,758
1781787495,20578212,756,3557,346,758
1781787555,20578212,756,3557,346,758
1781787615,20578212,756,3557,346,758
1781787675,20802993,756,3557,346,758
1781787735,20802993,756,3557,346,758
1781787795,20802993,756,3557,346,758
1781787855,20902926,756,3557,346,758
1781787915,20932465,756,3557,346,758
1781787975,20942808,756,3557,346,758
1781788035,20942808,756,3557,346,758
1781788095,20942808,756,3557,346,758
1781788155,20942808,756,3557,346,758
1781788215,20942808,756,3557,346,758
1781788275,20942808,756,3557,346,758
1781788335,21159229,756,3557,346,758
1781788395,21186630,756,3557,346,758
1781788455,21186630,756,3557,346,758
1781788515,21186630,756,3557,346,758
1781788575,21186630,756,3557,346,758
1781788635,21324042,756,3557,346,758
1781788695,21353498,756,3557,346,758
1781788755,21410603,756,3557,346,758
1781788815,21440179,756,3557,346,758
1781788875,21469898,756,3557,346,758
1781788935,21508144,756,3557,346,758
1781788995,21547735,756,3557,346,758
1781789055,21547735,756,3557,346,758
1781789115,21547735,756,3557,346,758
1781789175,21620432,756,3557,346,758
1781789235,21652659,756,3557,346,758
1781789295,21652659,756,3557,346,758
1781789355,21652659,756,3557,346,758
1781789415,21767858,756,3557,346,758
1781789475,21818783,756,3557,346,758
1781789535,21835514,756,3557,346,758
1781789595,21835514,756,3557,346,758
1781789655,21835514,756,3557,346,758
1781789715,21835514,756,3557,346,758
1781789775,21835514,756,3557,346,758
1781789835,21835514,756,3557,346,758
1781789895,21835514,756,3557,346,758
1781789955,21835514,756,3557,346,758
1781790015,22110397,756,3557,346,758
1781790075,22154504,756,3557,346,758
1781790135,22154504,756,3557,346,758
1781790195,22154504,756,3557,346,758
1781790255,22154504,756,3557,346,758
1781790315,22288155,756,3557,346,758
1781790375,22321514,756,3557,346,758
1781790435,22344327,756,3557,346,758
1781790495,22380098,756,3557,346,758
1781790555,22402039,756,3557,346,758
1781790615,22402039,756,3557,346,758
1781790675,22490646,756,3557,346,758
1781790735,22490646,756,3557,346,758
1781790795,22490646,756,3557,346,758
1781790855,22600257,756,3557,346,758
1781790915,22640537,756,3557,346,758
1781790975,22661413,756,3557,346,758
1781791035,22661413,756,3557,346,758
1781791096,22661413,756,3557,346,758
1781791156,22661413,756,3557,346,758
1781791216,22661413,756,3557,346,758
1781791276,22829240,756,3557,346,758
1781791336,22829240,756,3557,346,758
1781791396,22910801,756,3557,346,758
1781791456,22913948,756,3557,346,758
1781791516,22913948,756,3557,346,758
1781791576,22913948,756,3557,346,758
1781791636,22913948,756,3557,346,758
1781791696,22913948,756,3557,346,758
1781791756,23083254,756,3557,346,758
1781791816,23083254,756,3557,346,758
1781791876,23083254,756,3557,346,758
1781791936,23216546,756,3557,346,758
1781791996,23216546,756,3557,346,758
1781792056,23270887,756,3557,346,758
1781792116,23319873,756,3557,346,758
1781792176,23323509,756,3557,346,758
1781792236,23323509,756,3557,346,758
1781792296,23405121,756,3557,346,758
1781792356,23405121,756,3557,346,758
1781792416,23484850,756,3557,346,758
1781792476,23484850,756,3557,346,758
1781792536,23484850,756,3557,346,758
1781792596,23484850,756,3557,346,758
1781792656,23621172,756,3557,346,758
1781792716,23621172,756,3557,346,758
1781792776,23690885,756,3557,346,758
1781792836,23716276,756,3557,346,758
1781792896,23716276,756,3557,346,758
1781792956,23716276,756,3557,346,758
1781793016,23814515,756,3557,346,758
1781793076,23814515,756,3557,346,758
1781793136,23880041,756,3557,346,758
1781793196,23880041,756,3557,346,758
1781793256,23880041,756,3557,346,758
1781793316,23880041,756,3557,346,758
1781793376,24022812,756,3557,346,758
1781793436,24047735,756,3557,346,758
1781793496,24047735,756,3557,346,758
1781793556,24047735,756,3557,346,758
1781793616,24047735,756,3557,346,758
1781793676,24047735,756,3557,346,758
1781793736,24047735,756,3557,346,758
1781793796,24047735,756,3557,346,758
1781793856,24047735,756,3557,346,758
1781793916,24047735,756,3557,346,758
1781793976,24378585,756,3557,346,758
1781794036,24378585,756,3557,346,758
1781794096,24378585,756,3557,346,758
1781794156,24461721,756,3557,346,758
1781794216,24461721,756,3557,346,758
1781794276,24543503,756,3557,346,758
1781794336,24543503,756,3557,346,758
1781794396,24604464,756,3557,346,758
1781794456,24604464,756,3557,346,758
1781794516,24683705,756,3557,346,758
1781794576,24683705,756,3557,346,758
1781794637,24683705,756,3557,346,758
1781794697,24683705,756,3557,346,758
1781794757,24808236,756,3557,346,758
1781794817,24854753,756,3557,346,758
1781794877,24854753,756,3557,346,758
1781794937,24854753,756,3557,346,758
1781794997,24956515,756,3557,346,758
1781795057,24956515,756,3557,346,758
1781795117,25036531,756,3557,346,758
1781795177,25063762,756,3557,346,758
1781795237,25102807,756,3557,346,758
1781795297,25102807,756,3557,346,758
1781795357,25102807,756,3557,346,758
1781795417,25212553,756,3557,346,758
1781795477,25232045,756,3557,346,758
1781795537,25232045,756,3557,346,758
1781795597,25316491,756,3557,346,758
1781795657,25342902,756,3557,346,758
1781795717,25342902,756,3557,346,758
1781795777,25395213,756,3557,346,758
1781795837,25441834,756,3557,346,758
1781795897,25480527,756,3557,346,758
1781795957,25501573,756,3557,346,758
1781796017,25501573,756,3557,346,758
1781796077,25579909,756,3557,346,758
1781796137,25579909,756,3557,346,758
1781796197,25579909,756,3557,346,758
1781796257,25703532,756,3557,346,758
1781796317,25719163,756,3557,346,758
1781796377,25719163,756,3557,346,758
1781796437,25802944,756,3557,346,758
1781796497,25802944,756,3557,346,758
1781796557,25852572,756,3557,346,758
1781796617,25852572,756,3557,346,758
1781796677,25937964,756,3557,346,758
1781796737,25937964,756,3557,346,758
1781796797,25937964,756,3557,346,758
1781796857,25937964,756,3557,346,758
1781796917,25937964,756,3557,346,758
1781796977,25937964,756,3557,346,758
1781797037,26127005,756,3557,346,758
1781797097,26185611,756,3557,346,758
1781797157,26185611,756,3557,346,758
1781797217,26229752,756,3557,346,758
1781797277,26296761,756,3557,346,758
1781797337,26321387,756,3557,346,758
1781797397,26357654,756,3557,346,758
1781797457,26388735,756,3557,346,758
1781797517,26415302,756,3557,346,758
1781797577,26415302,756,3557,346,758
1781797637,26504431,756,3557,346,758
1781797697,26504431,756,3557,346,758
1781797757,26551767,756,3557,346,758
1781797817,26590095,756,3557,346,758
1781797877,26590095,756,3557,346,758
1781797937,26647401,756,3557,346,758
1781797997,26647401,756,3557,346,758
1781798057,26647401,756,3557,346,758
1781798117,26647401,756,3557,346,758
1781798177,26798727,756,3557,346,758
1781798237,26798727,756,3557,346,758
1781798297,26798727,756,3557,346,758
1781798358,26914467,756,3557,346,758
1781798418,26947279,756,3557,346,758
1781798478,26947279,756,3557,346,758
1781798538,27007292,756,3557,346,758
1781798598,27007292,756,3557,346,758
1781798658,27007292,756,3557,346,758
1781798718,27107103,756,3557,346,758
1781798778,27107103,756,3557,346,758
1781798838,27190361,756,3557,346,758
1781798898,27190361,756,3557,346,758
1781798958,27190361,756,3557,346,758
1781799018,27190361,756,3557,346,758
1781799078,27190361,756,3557,346,758
1781799138,27372597,756,3557,346,758
1781799198,27372597,756,3557,346,758
1781799258,27372597,756,3557,346,758
1781799318,27470563,756,3557,346,758
1781799378,27490159,756,3557,346,758
1781799438,27490159,756,3557,346,758
1781799498,27490159,756,3557,346,758
1781799558,27490159,756,3557,346,758
1781799618,27640155,756,3557,346,758
1781799678,27640155,756,3557,346,758
1781799738,27640155,756,3557,346,758
1781799798,27640155,756,3557,346,758
1781799858,27640155,756,3557,346,758
1781799918,27817662,756,3557,346,758
1781799978,27855538,756,3557,346,758
1781800038,27879060,756,3557,346,758
1781800098,27879060,756,3557,346,758
1781800158,27879060,756,3557,346,758
1781800218,27879060,756,3557,346,758
1781800278,27879060,756,3557,346,758
1781800338,27879060,756,3557,346,758
1781800398,27879060,756,3557,346,758
1781800458,27879060,756,3557,346,758
1781800518,28136471,756,3557,346,758
1781800578,28187037,756,3557,346,758
1781800638,28187037,756,3557,346,758
1781800698,28187037,756,3557,346,758
1781800758,28187037,756,3557,346,758
1781800818,28313728,756,3557,346,758
1781800878,28313728,756,3557,346,758
1781800938,28313728,756,3557,346,758
1781800998,28313728,756,3557,346,758
1781801058,28313728,756,3557,346,758
1781801118,28313728,756,3557,346,758
1781801178,28313728,756,3557,346,758
1781801238,28559044,756,3557,346,758
1781801298,28567105,756,3557,346,758
1781801358,28567105,756,3557,346,758
1781801418,28567105,756,3557,346,758
1781801478,28567105,756,3557,346,758
1781801539,28567105,756,3557,346,758
1781801599,28567105,756,3557,346,758
1781801659,28567105,756,3557,346,758
1781801719,28832676,756,3557,346,758
1781801779,28832676,756,3557,346,758
1781801839,28832676,756,3557,346,758
1781801899,28832676,756,3557,346,758
1781801959,28832676,756,3557,346,758
1781802019,28832676,756,3557,346,758
1781802079,28832676,756,3557,346,758
1781802139,28832676,756,3557,346,758
1781802199,29104392,756,3557,346,758
1781802259,29126763,756,3557,346,758
1781802319,29176463,756,3557,346,758
1781802379,29199609,756,3557,346,758
1781802439,29199609,756,3557,346,758
1781802499,29199609,756,3557,346,758
1781802559,29199609,756,3557,346,758
1781802619,29326390,756,3557,346,758
1781802679,29326390,756,3557,346,758
1781802739,29400582,756,3557,346,758
1781802799,29446399,756,3557,346,758
1781802859,29462781,756,3557,346,758
1781802919,29494507,756,3557,346,758
1781802979,29541814,756,3557,346,758
1781803039,29541814,756,3557,346,758
1781803099,29593105,756,3557,346,758
1781803159,29593105,756,3557,346,758
1781803219,29680002,756,3557,346,758
1781803279,29680002,756,3557,346,758
1781803339,29680002,756,3557,346,758
1781803399,29780144,756,3557,346,758
1781803459,29780144,756,3557,346,758
1781803519,29852825,756,3557,346,758
1781803579,29884302,756,3557,346,758
1781803639,29884302,756,3557,346,758
1781803699,29884302,756,3557,346,758
1781803759,29884302,756,3557,346,758
1781803819,29884302,756,3557,346,758
1781803879,29884302,756,3557,346,758
1781803939,29884302,756,3557,346,758
1781803999,29884302,756,3557,346,758
1781804059,30165675,756,3557,346,758
1781804119,30165675,756,3557,346,758
1781804179,30165675,756,3557,346,758
1781804239,30262376,756,3557,346,758
1781804299,30262376,756,3557,346,758
1781804359,30262376,756,3557,346,758
1781804419,30262376,756,3557,346,758
1781804480,30384273,756,3557,346,758
1781804540,30384273,756,3557,346,758
1781804600,30450634,756,3557,346,758
1781804660,30450634,756,3557,346,758
1781804720,30450634,756,3557,346,758
1781804780,30450634,756,3557,346,758
1781804840,30450634,756,3557,346,758
1781804900,30630885,756,3557,346,758
1781804960,30630885,756,3557,346,758
1781805020,30630885,756,3557,346,758
1781805080,30630885,756,3557,346,758
1781805140,30790308,756,3557,346,758
1781805200,30801854,756,3557,346,758
1781805260,30801854,756,3557,346,758
1781805320,30801854,756,3557,346,758
1781805380,30801854,756,3557,346,758
1781805440,30962143,756,3557,346,758
1781805500,30962143,756,3557,346,758
1781805560,30962143,756,3557,346,758
1781805620,31057372,756,3557,346,758
1781805680,31068515,756,3557,346,758
1781805740,31068515,756,3557,346,758
1781805800,31068515,756,3557,346,758
1781805860,31068515,756,3557,346,758
1781805920,31239215,756,3557,346,758
1781805980,31239215,756,3557,346,758
1781806040,31239215,756,3557,346,758
1781806100,31239215,756,3557,346,758
1781806160,31366162,756,3557,346,758
1781806220,31366162,756,3557,346,758
1781806280,31428618,756,3557,346,758
1781806340,31428618,756,3557,346,758
1781806400,31489569,756,3557,346,758
1781806460,31489569,756,3557,346,758
1781806520,31581051,756,3557,346,758
1781806580,31581051,756,3557,346,758
1781806640,31581051,756,3557,346,758
1781806700,31581051,756,3557,346,758
1781806760,31581051,756,3557,346,758
1781806820,31581051,756,3557,346,758
1781806880,31779869,756,3557,346,758
1781806940,31779869,756,3557,346,758
1781807000,31862124,756,3557,346,758
1781807060,31862124,756,3557,346,758
1781807120,31912415,756,3557,346,758
1781807181,31912415,756,3557,346,758
1781807241,31912415,756,3557,346,758
1781807301,31912415,756,3557,346,758
1781807361,32060382,756,3557,346,758
1781807421,32060382,756,3557,346,758
1781807481,32127508,756,3557,346,758
1781807541,32162234,756,3557,346,758
1781807601,32162234,756,3557,346,758
1781807661,32162234,756,3557,346,758
1781807721,32270536,756,3557,346,758
1781807781,32309976,756,3557,346,758
1781807841,32309976,756,3557,346,758
1781807901,32309976,756,3557,346,758
1781807961,32391617,756,3557,346,758
1781808021,32426233,756,3557,346,758
1781808081,32426233,756,3557,346,758
1781808141,32426233,756,3557,346,758
1781808201,32561454,756,3557,346,758
1781808261,32561454,756,3557,346,758
1781808321,32631845,756,3557,346,758
1781808381,32660712,756,3557,346,758
1781808441,32660712,756,3557,346,758
1781808501,32660712,756,3557,346,758
1781808561,32660712,756,3557,346,758
1781808621,32660712,756,3557,346,758
1781808681,32837261,756,3557,346,758
1781808741,32837261,756,3557,346,758
1781808801,32887813,756,3557,346,758
1781808861,32887813,756,3557,346,758
1781808921,32887813,756,3557,346,758
1781808981,32984450,756,3557,346,758
1781809041,32984450,756,3557,346,758
1781809101,32984450,756,3557,346,758
1781809161,32984450,756,3557,346,758
1781809221,33144848,756,3557,346,758
1781809281,33144848,756,3557,346,758
1781809341,33220989,756,3557,346,758
1781809401,33220989,756,3557,346,758
1781809461,33257675,756,3557,346,758
1781809521,33257675,756,3557,346,758
1781809581,33257675,756,3557,346,758
1781809641,33257675,756,3557,346,758
1781809701,33257675,756,3557,346,758
1781809761,33438452,756,3557,346,758
1781809822,33478504,756,3557,346,758
1781809882,33478504,756,3557,346,758
1781809942,33554432,756,3557,346,758
1781810002,33554432,756,3557,346,758
1781810062,33554432,756,3557,346,758
1781810122,33554432,756,3557,346,758
1781810182,33554432,756,3557,346,758
1781810242,33554432,756,3557,346,758
1781810302,33554432,756,3557,346,758
1781810362,33554432,756,3557,346,758
1781810422,33554432,756,3557,346,758
1781810482,33554432,756,3557,346,758
1781810542,33554432,756,3557,346,758
1781810602,33937268,756,3557,346,758
1781810662,33937268,756,3557,346,758
1781810722,33937268,756,3557,346,758
1781810782,34052495,756,3557,346,758
1781810842,34052495,756,3557,346,758
1781810902,34052495,756,3557,346,758
1781810962,34052495,756,3557,346,758
1781811022,34052495,756,3557,346,758
1781811082,34052495,756,3557,346,758
1781811142,34232121,756,3557,346,758
1781811202,34232121,756,3557,346,758
1781811262,34232121,756,3557,346,758
1781811322,34232121,756,3557,346,758
1781811382,34391507,756,3557,346,758
1781811442,34391507,756,3557,346,758
1781811502,34391507,756,3557,346,758
1781811562,34391507,756,3557,346,758
1781811622,34391507,756,3557,346,758
1781811682,34391507,756,3557,346,758
1781811742,34391507,756,3557,346,758
1781811802,34391507,756,3557,346,758
1781811862,34642179,756,3557,346,758
1781811922,34707624,756,3557,346,759
1781811982,34707624,756,3557,346,759
1781812042,34746332,756,3557,346,759
1781812102,34746332,756,3557,346,759
1781812162,34746332,756,3557,346,759
1781812222,34746332,756,3557,346,759
1781812282,34887950,756,3557,346,759
1781812342,34887950,756,3557,346,759
1781812402,34887950,756,3557,346,759
1781812462,35018272,756,3557,346,759
1781812522,35018272,756,3557,346,759
1781812582,35080875,756,3557,346,759
1781812642,35080875,756,3557,346,759
1781812702,35129736,756,3557,346,759
1781812762,35129736,756,3557,346,759
1781812822,35227858,756,3557,346,759
1781812882,35227858,756,3557,346,759
1781812942,35227858,756,3557,346,759
1781813003,35227858,756,3557,346,759
1781813063,35366050,756,3557,346,759
1781813123,35374281,756,3557,346,759
1781813183,35374281,756,3557,346,759
1781813243,35374281,756,3557,346,759
1781813303,35481725,756,3557,346,759
1781813363,35521260,756,3557,346,759
1781813423,35521260,756,3557,346,759
1781813483,35598009,756,3557,346,759
1781813543,35625211,756,3557,346,759
1781813603,35625211,756,3557,346,759
1781813663,35711803,756,3557,346,759
1781813723,35711803,756,3557,346,759
1781813783,35711803,756,3557,346,759
1781813843,35815147,756,3557,346,759
1781813903,35838103,756,3557,346,759
1781813963,35838103,756,3557,346,759
1781814023,35922969,756,3557,346,759
1781814083,35922969,756,3557,346,759
1781814143,35980746,756,3557,346,759
1781814203,36004108,756,3557,346,759
1781814263,36004108,756,3557,346,759
1781814323,36004108,756,3557,346,759
1781814383,36004108,756,3557,346,759
1781814443,36167839,756,3557,346,759
1781814503,36167839,756,3557,346,759
1781814563,36237072,756,3557,346,759
1781814623,36247710,756,3557,346,759
1781814683,36290591,756,3557,346,759
1781814743,36290591,756,3557,346,759
1781814803,36345303,756,3557,346,759
1781814863,36345303,756,3557,346,759
1781814923,36345303,756,3557,346,759
1781814983,36460199,756,3557,346,759
1781815043,36460199,756,3557,346,759
1781815103,36540987,756,3557,346,759
1781815163,36540987,756,3557,346,759
1781815223,36540987,756,3557,346,759
1781815283,36642603,756,3557,346,759
1781815343,36642603,756,3557,346,759
1781815403,36642603,756,3557,346,759
1781815463,36757229,756,3557,346,759
1781815523,36757229,756,3557,346,759
1781815583,36833037,756,3557,346,759
1781815643,36865448,756,3557,346,759
1781815703,36865448,756,3557,346,759
1781815763,36938950,756,3557,346,759
1781815823,36948026,756,3557,346,759
1781815883,36987398,756,3557,346,759
1781815943,36987398,756,3557,346,759
1781816004,36987398,756,3557,346,759
1781816064,36987398,756,3557,346,759
1781816124,37127862,756,3557,346,759
1781816184,37169763,756,3557,346,759
1781816244,37169763,756,3557,346,759
1781816304,37169763,756,3557,346,759
1781816364,37169763,756,3557,346,759
1781816424,37169763,756,3557,346,759
1781816484,37358391,756,3557,346,759
1781816544,37358391,756,3557,346,759
1781816604,37396414,756,3557,346,759
1781816664,37443297,756,3557,346,759
1781816724,37490598,756,3557,346,759
1781816784,37519184,756,3557,346,759
1781816844,37519184,756,3557,346,759
1781816904,37599205,756,3557,346,759
1781816964,37599205,756,3557,346,759
1781817024,37599205,756,3557,346,759
1781817084,37599205,756,3557,346,759
1781817144,37599205,756,3557,346,759
1781817204,37773026,756,3557,346,759
1781817264,37773026,756,3557,346,759
1781817324,37773026,756,3557,346,759
1781817384,37773026,756,3557,346,759
1781817444,37773026,756,3557,346,759
1781817504,37773026,756,3557,346,759
1781817564,37773026,756,3557,346,759
1781817624,37773026,756,3557,346,759
1781817684,37773026,756,3557,346,759
1781817744,37773026,756,3557,346,759
1781817804,37773026,756,3557,346,759
1781817864,37773026,756,3557,346,759
1781817924,38162344,756,3557,346,759
1781817984,38162344,756,3557,346,759
1781818044,38162344,756,3557,346,759
1781818104,38162344,756,3557,346,759
1781818164,38162344,756,3557,346,759
1781818224,38337760,756,3557,346,759
1781818284,38379957,756,3557,346,759
1781818344,38379957,756,3557,346,759
1781818405,38379957,756,3557,346,759
1781818465,38379957,756,3557,346,759
1781818525,38379957,756,3557,346,759
1781818585,38379957,756,3557,346,759
1781818645,38379957,756,3557,346,759
1781818705,38379957,756,3557,346,759
1781818765,38657748,756,3557,346,759
1781818825,38699899,756,3557,346,759
1781818885,38699899,756,3557,346,759
1781818945,38699899,756,3557,346,759
1781819005,38699899,756,3557,346,759
1781819065,38699899,756,3557,346,759
1781819125,38699899,756,3557,346,759
1781819185,38699899,756,3557,346,759
1781819245,38699899,756,3557,346,759
1781819305,38699899,756,3557,346,759
1781819365,38699899,756,3557,346,759
1781819425,38699899,756,3557,346,759
1781819485,38699899,756,3557,346,759
1781819545,38699899,756,3557,346,759
1781819605,38699899,756,3557,346,759
1781819665,39208306,756,3557,346,759
1781819725,39208306,756,3557,346,759
1781819785,39264549,756,3557,346,759
1781819845,39264549,756,3557,346,759
1781819905,39264549,756,3557,346,759
1781819965,39264549,756,3557,346,759
1781820025,39264549,756,3557,346,759
1781820085,39264549,756,3557,346,759
1781820145,39264549,756,3557,346,759
1781820205,39264549,756,3557,346,759
1781820265,39264549,756,3557,346,759
1781820325,39264549,756,3557,346,759
1781820385,39264549,756,3557,346,759
1781820445,39264549,756,3557,346,759
1781820505,39264549,756,3557,346,759
1781820565,39264549,756,3557,346,759
1781820625,39264549,756,3557,346,759
1781820685,39264549,756,3557,346,759
1781820745,39264549,756,3557,346,759
1781820805,39264549,756,3557,346,759
1781820865,39883720,756,3557,346,759
1781820925,39883720,756,3557,346,759
1781820986,39883720,756,3557,346,759
1781821046,39883720,756,3557,346,759
1781821106,39883720,756,3557,346,759
1781821166,39883720,756,3557,346,759
1781821226,39883720,756,3557,346,759
1781821286,39883720,756,3557,346,759
1781821346,39883720,756,3557,346,759
1781821406,39883720,756,3557,346,759
1781821466,39883720,756,3557,346,759
1781821526,40271481,756,3557,346,759
1781821586,40271481,756,3557,346,759
1781821646,40271481,756,3557,346,759
1781821706,40369383,756,3557,346,759
1781821766,40369383,756,3557,346,759
1781821826,40369383,756,3557,346,759
1781821886,40369383,756,3557,346,759
1781821946,40369383,756,3557,346,759
1781822006,40369383,756,3557,346,759
1781822066,40369383,756,3557,346,759
1781822126,40369383,756,3557,346,759
1781822186,40369383,756,3557,346,759
1781822246,40369383,756,3557,346,759
1781822306,40369383,756,3557,346,759
1781822366,40369383,756,3557,346,759
1781822426,40369383,756,3557,346,759
1781822486,40823914,756,3557,346,759
1781822546,40823914,756,3557,346,759
1781822606,40823914,756,3557,346,759
1781822666,40823914,756,3557,346,759
1781822726,40823914,756,3557,346,759
1781822786,40823914,756,3557,346,759
1781822846,40823914,756,3557,346,759
1781822906,40823914,756,3557,346,759
1781822966,41094450,756,3557,346,759
1781823026,41094450,756,3557,346,759
1781823086,41197192,756,3557,346,759
1781823146,41197192,756,3557,346,759
1781823206,41197192,756,3557,346,759
1781823266,41197192,756,3557,346,759
1781823326,41197192,756,3557,346,759
1781823386,41197192,756,3557,346,759
1781823446,41197192,756,3557,346,759
1781823507,41197192,756,3557,346,759
1781823567,41197192,756,3557,346,759
1781823627,41197192,756,3557,346,759
1781823687,41197192,756,3557,346,759
1781823747,41197192,756,3557,346,759
1781823807,41197192,756,3557,346,759
1781823867,41197192,756,3557,346,759
1781823927,41197192,756,3557,346,759
1781823987,41197192,756,3557,346,759
1781824047,41197192,756,3557,346,759
1781824107,41197192,756,3557,346,759
1781824167,41197192,756,3557,346,759
1781824227,41197192,756,3557,346,759
1781824287,41197192,756,3557,346,759
1781824347,41920707,756,3557,346,759
1781824407,41954464,756,3557,346,759
1781824467,41990465,756,3557,346,759
1781824527,42027359,756,3557,346,759
1781824587,42052954,756,3557,346,759
1781824647,42104710,756,3557,346,759
1781824707,42140002,756,3557,346,759
1781824767,42140002,756,3557,346,759
1781824827,42140002,756,3557,346,759
1781824887,42243478,756,3557,346,759
1781824947,42245704,756,3557,346,759
1781825007,42245704,756,3557,346,759
1781825067,42245704,756,3557,346,759
1781825127,42245704,756,3557,346,759
1781825187,42412741,756,3557,346,759
1781825247,42412741,756,3557,346,759
1781825307,42412741,756,3557,346,759
1781825367,42412741,756,3557,346,759
1781825427,42521767,756,3557,346,759
1781825487,42521767,756,3557,346,759
1781825547,42521767,756,3557,346,759
1781825607,42521767,756,3557,346,759
1781825667,42521767,756,3557,346,759
1781825727,42521767,756,3557,346,759
1781825787,42521767,756,3557,346,759
1781825847,42775993,756,3557,346,759
1781825908,42807884,756,3557,346,759
1781825968,42807884,756,3557,346,759
1781826028,42807884,756,3557,346,759
1781826088,42807884,756,3557,346,759
1781826148,42807884,756,3557,346,759
1781826208,43004726,756,3557,346,759
1781826268,43004726,756,3557,346,759
1781826328,43004726,756,3557,346,759
1781826388,43004726,756,3557,346,759
1781826448,43004726,756,3557,346,759
1781826508,43004726,756,3557,346,759
1781826568,43214192,756,3557,346,759
1781826628,43241169,756,3557,346,759
1781826688,43272022,756,3557,346,759
1781826748,43272022,756,3557,346,759
1781826808,43272022,756,3557,346,759
1781826868,43272022,756,3557,346,759
1781826928,43426148,756,3557,346,759
1781826988,43426148,756,3557,346,759
1781827048,43426148,756,3557,346,759
1781827108,43426148,756,3557,346,759
1781827168,43426148,756,3557,346,759
1781827228,43426148,756,3557,346,759
1781827288,43619364,756,3557,346,759
1781827348,43619364,756,3557,346,759
1781827408,43619364,756,3557,346,759
1781827468,43619364,756,3557,346,759
1781827528,43619364,756,3557,346,759
1781827588,43619364,756,3557,346,759
1781827648,43619364,756,3557,346,759
1781827708,43619364,756,3557,346,759
1781827768,43898097,756,3557,346,759
1781827828,43898097,756,3557,346,759
1781827888,43898097,756,3557,346,759
1781827948,43898097,756,3557,346,759
1781828008,43898097,756,3557,346,759
1781828068,43898097,756,3557,346,759
1781828128,43898097,756,3557,346,759
1781828188,43898097,756,3557,346,759
1781828248,43898097,756,3557,346,759
1781828308,43898097,756,3557,346,759
1781828368,43898097,756,3557,346,759
1781828428,43898097,756,3557,346,759
1781828488,43898097,756,3557,346,759
1781828548,43898097,756,3557,346,759
1781828609,43898097,756,3557,346,759
1781828669,43898097,756,3557,346,759
1781828729,43898097,756,3557,346,759
1781828789,43898097,756,3557,346,759
1781828849,44514269,756,3557,346,759
1781828909,44514269,756,3557,346,759
1781828969,44514269,756,3557,346,759
1781829029,44514269,756,3557,346,759
1781829089,44514269,756,3557,346,759
1781829149,44514269,756,3557,346,759
1781829209,44726716,756,3557,346,759
1781829269,44726716,756,3557,346,759
1781829329,44726716,756,3557,346,759
1781829389,44726716,756,3557,346,759
1781829449,44726716,756,3557,346,759
1781829509,44726716,756,3557,346,759
1781829569,44726716,756,3557,346,759
1781829629,44726716,756,3557,346,759
1781829689,44726716,756,3557,346,759
1781829749,44726716,756,3557,346,759
1781829809,45062679,756,3557,346,759
1781829869,45062679,756,3557,346,759
1781829929,45163020,756,3557,346,759
1781829989,45163020,756,3557,346,759
1781830049,45219102,756,3557,346,759
1781830109,45219102,756,3557,346,759
1781830169,45219102,756,3557,346,759
1781830229,45219102,756,3557,346,759
1781830289,45219102,756,3557,346,759
1781830349,45219102,756,3557,346,759
1781830409,45219102,756,3557,346,759
1781830469,45219102,756,3557,346,759
1781830529,45219102,756,3557,346,759
1781830589,45219102,756,3557,346,759
1781830649,45219102,756,3557,346,759
1781830709,45219102,756,3557,346,759
1781830769,45219102,756,3557,346,759
1781830829,45219102,756,3557,346,759
1781830889,45219102,756,3557,346,759
1781830949,45219102,756,3557,346,759
1781831009,45219102,756,3557,346,759
1781831069,45219102,756,3557,346,759
1781831129,45219102,756,3557,346,759
1781831189,45219102,756,3557,346,759
1781831249,45219102,756,3557,346,759
1781831309,45219102,756,3557,346,759
1781831370,45219102,756,3557,346,759
1781831430,45219102,756,3557,346,759
1781831490,45219102,756,3557,346,759
1781831550,45219102,756,3557,346,759
1781831610,46117765,756,3557,346,759
1781831670,46117765,756,3557,346,759
1781831730,46195739,756,3557,346,759
1781831790,46195739,756,3557,346,759
1781831850,46195739,756,3557,346,759
1781831910,46195739,756,3557,346,759
1781831970,46195739,756,3557,346,759
1781832030,46195739,756,3557,346,759
1781832090,46195739,756,3557,346,759
1781832150,46195739,756,3557,346,759
1781832210,46195739,756,3557,346,759
1781832270,46195739,756,3557,346,759
1781832330,46195739,756,3557,346,759
1781832390,46195739,756,3557,346,759
1781832450,46195739,756,3557,346,759
1781832510,46195739,756,3557,346,759
1781832570,46195739,756,3557,346,759
1781832630,46195739,756,3557,346,759
1781832690,46195739,756,3557,346,759
1781832750,46775596,756,3557,346,759
1781832810,46775596,756,3557,346,759
1781832870,46775596,756,3557,346,759
1781832930,46775596,756,3557,346,759
1781832990,46775596,756,3557,346,759
1781833050,46775596,756,3557,346,759
1781833110,46775596,756,3557,346,759
1781833170,46775596,756,3557,346,759
1781833230,46775596,756,3557,346,759
1781833290,46775596,756,3557,346,759
1781833350,46775596,756,3557,346,759
1781833410,46775596,756,3557,346,759
1781833470,46775596,756,3557,346,759
1781833530,46775596,756,3557,346,759
1781833590,46775596,756,3557,346,759
1781833650,46775596,756,3557,346,759
1781833710,46775596,756,3557,346,759
1781833770,46775596,756,3557,346,759
1781833830,46775596,756,3557,346,759
1781833890,46775596,756,3557,346,759
1781833950,46775596,756,3557,346,759
1781834010,46775596,756,3557,346,759
1781834070,46775596,756,3557,346,759
1781834131,46775596,756,3557,346,759
1781834191,46775596,756,3557,346,759
1781834251,46775596,756,3557,346,759
1781834311,46775596,756,3557,346,759
1781834371,46775596,756,3557,346,759
1781834431,46775596,756,3557,346,759
1781834491,46775596,756,3557,346,759
1781834551,46775596,756,3557,346,759
1781834611,46775596,756,3557,346,759
1781834671,46775596,756,3557,346,759
1781834731,46775596,756,3557,346,759
1781834791,46775596,756,3557,346,759
1781834851,47982664,756,3557,346,759
1781834911,48023600,756,3557,346,759
1781834971,48056566,756,3557,346,759
1781835031,48086035,756,3557,346,759
1781835091,48130550,756,3557,346,759
1781835151,48130550,756,3557,346,759
1781835211,48213141,756,3557,346,759
1781835271,48213141,756,3557,346,759
1781835331,48281390,756,3557,346,759
1781835391,48281390,756,3557,346,759
1781835451,48281390,756,3557,346,759
1781835511,48281390,756,3557,346,759
1781835571,48281390,756,3557,346,759
1781835631,48281390,756,3557,346,759
1781835691,48281390,756,3557,346,759
1781835751,48281390,756,3557,346,759
1781835811,48281390,756,3557,346,759
1781835871,48591406,756,3557,346,759
1781835931,48622962,756,3557,346,759
1781835991,48622962,756,3557,346,759
1781836051,48622962,756,3557,346,759
1781836111,48622962,756,3557,346,759
1781836171,48622962,756,3557,346,759
1781836231,48622962,756,3557,346,759
1781836291,48622962,756,3557,346,759
1781836351,48622962,756,3557,346,759
1781836411,48622962,756,3557,346,759
1781836471,48622962,756,3557,346,759
1781836531,48622962,756,3557,346,759
1781836591,48622962,756,3557,346,759
1781836651,48622962,756,3557,346,759
1781836711,48622962,756,3557,346,759
1781836771,48622962,756,3557,346,759
1781836831,48622962,756,3557,346,759
1781836891,49195444,756,3557,346,759
1781836952,49195444,756,3557,346,759
1781837012,49251822,756,3557,346,759
